mode: set
go-ddd-scaffold/internal/domain/tenant/service/membership_domain_service.go:27.59,29.2 1 1
go-ddd-scaffold/internal/domain/tenant/service/membership_domain_service.go:32.108,33.23 1 1
go-ddd-scaffold/internal/domain/tenant/service/membership_domain_service.go:33.23,35.3 1 1
go-ddd-scaffold/internal/domain/tenant/service/membership_domain_service.go:37.2,37.45 1 1
go-ddd-scaffold/internal/domain/tenant/service/membership_domain_service.go:37.45,39.3 1 1
go-ddd-scaffold/internal/domain/tenant/service/membership_domain_service.go:41.2,41.12 1 1
go-ddd-scaffold/internal/domain/tenant/service/membership_domain_service.go:45.135,47.48 1 1
go-ddd-scaffold/internal/domain/tenant/service/membership_domain_service.go:47.48,49.3 1 1
go-ddd-scaffold/internal/domain/tenant/service/membership_domain_service.go:52.2,52.14 1 1
go-ddd-scaffold/internal/domain/tenant/service/membership_domain_service.go:53.103,53.103 0 1
go-ddd-scaffold/internal/domain/tenant/service/membership_domain_service.go:55.10,56.15 1 1
go-ddd-scaffold/internal/domain/tenant/service/membership_domain_service.go:62.2,62.13 1 1
go-ddd-scaffold/internal/domain/tenant/service/membership_domain_service.go:66.108,68.43 1 1
go-ddd-scaffold/internal/domain/tenant/service/membership_domain_service.go:68.43,70.3 1 1
go-ddd-scaffold/internal/domain/tenant/service/membership_domain_service.go:73.2,73.39 1 1
go-ddd-scaffold/internal/domain/tenant/service/membership_domain_service.go:73.39,75.3 1 1
go-ddd-scaffold/internal/domain/tenant/service/membership_domain_service.go:78.2,78.12 1 1
go-ddd-scaffold/internal/domain/user/entity/tenant.go:48.33,50.2 1 0
go-ddd-scaffold/internal/domain/user/entity/tenant.go:53.35,55.2 1 0
go-ddd-scaffold/internal/domain/user/entity/tenant.go:58.59,60.2 1 0
go-ddd-scaffold/internal/domain/user/entity/user.go:42.41,44.2 1 0
go-ddd-scaffold/internal/domain/user/entity/user.go:47.52,49.16 2 0
go-ddd-scaffold/internal/domain/user/entity/user.go:50.50,51.21 1 0
go-ddd-scaffold/internal/domain/user/entity/user.go:52.10,53.34 1 0
go-ddd-scaffold/internal/domain/user/entity/user.go:58.37,60.2 1 0
go-ddd-scaffold/internal/domain/user/entity/user.go:92.42,94.2 1 0
go-ddd-scaffold/internal/domain/user/entity/user.go:97.32,99.2 1 0
go-ddd-scaffold/internal/domain/user/entity/user.go:103.29,104.30 1 1
go-ddd-scaffold/internal/domain/user/entity/user.go:104.30,106.3 1 1
go-ddd-scaffold/internal/domain/user/entity/user.go:107.2,109.12 3 1
go-ddd-scaffold/internal/domain/user/entity/user.go:114.33,115.30 1 1
go-ddd-scaffold/internal/domain/user/entity/user.go:115.30,117.3 1 1
go-ddd-scaffold/internal/domain/user/entity/user.go:118.2,120.12 3 1
go-ddd-scaffold/internal/domain/user/entity/user.go:125.95,136.2 5 1
go-ddd-scaffold/internal/domain/user/entity/user.go:140.62,141.41 1 1
go-ddd-scaffold/internal/domain/user/entity/user.go:141.41,143.3 1 1
go-ddd-scaffold/internal/domain/user/entity/user.go:144.2,147.12 4 1
go-ddd-scaffold/internal/domain/user/entity/user.go:152.39,154.2 1 1
go-ddd-scaffold/internal/domain/user/entity/user.go:158.30,160.2 1 0
go-ddd-scaffold/internal/domain/user/entity/user.go:163.44,165.2 1 1
go-ddd-scaffold/internal/domain/user/entity/user.go:195.41,197.2 1 0
go-ddd-scaffold/internal/domain/user/event/user_events.go:20.60,29.2 1 1
go-ddd-scaffold/internal/domain/user/event/user_events.go:31.54,31.76 1 0
go-ddd-scaffold/internal/domain/user/event/user_events.go:32.54,32.74 1 0
go-ddd-scaffold/internal/domain/user/event/user_events.go:33.54,33.78 1 0
go-ddd-scaffold/internal/domain/user/event/user_events.go:34.54,34.77 1 0
go-ddd-scaffold/internal/domain/user/event/user_events.go:35.54,35.74 1 0
go-ddd-scaffold/internal/domain/user/event/user_events.go:48.66,57.2 1 1
go-ddd-scaffold/internal/domain/user/event/user_events.go:59.57,59.79 1 0
go-ddd-scaffold/internal/domain/user/event/user_events.go:60.57,60.77 1 0
go-ddd-scaffold/internal/domain/user/event/user_events.go:61.57,61.81 1 0
go-ddd-scaffold/internal/domain/user/event/user_events.go:62.57,62.80 1 0
go-ddd-scaffold/internal/domain/user/event/user_events.go:63.57,63.77 1 0
go-ddd-scaffold/internal/domain/user/event/user_events.go:84.28,96.2 1 1
go-ddd-scaffold/internal/domain/user/event/user_events.go:98.62,98.84 1 0
go-ddd-scaffold/internal/domain/user/event/user_events.go:99.62,99.82 1 0
go-ddd-scaffold/internal/domain/user/event/user_events.go:100.62,100.86 1 0
go-ddd-scaffold/internal/domain/user/event/user_events.go:101.62,101.85 1 0
go-ddd-scaffold/internal/domain/user/event/user_events.go:102.62,102.82 1 0
go-ddd-scaffold/internal/domain/user/event/user_events.go:120.26,131.2 1 1
go-ddd-scaffold/internal/domain/user/event/user_events.go:133.59,133.81 1 0
go-ddd-scaffold/internal/domain/user/event/user_events.go:134.59,134.79 1 0
go-ddd-scaffold/internal/domain/user/event/user_events.go:135.60,135.84 1 0
go-ddd-scaffold/internal/domain/user/event/user_events.go:136.59,136.82 1 0
go-ddd-scaffold/internal/domain/user/event/user_events.go:137.59,137.79 1 0
go-ddd-scaffold/internal/domain/user/event/user_events.go:151.82,161.2 1 1
go-ddd-scaffold/internal/domain/user/event/user_events.go:163.57,163.79 1 1
go-ddd-scaffold/internal/domain/user/event/user_events.go:164.57,164.77 1 1
go-ddd-scaffold/internal/domain/user/event/user_events.go:165.58,165.82 1 1
go-ddd-scaffold/internal/domain/user/event/user_events.go:166.57,166.80 1 1
go-ddd-scaffold/internal/domain/user/event/user_events.go:167.57,167.77 1 1
go-ddd-scaffold/internal/domain/user/event/user_events.go:189.22,203.2 1 1
go-ddd-scaffold/internal/domain/user/event/user_events.go:205.55,205.77 1 0
go-ddd-scaffold/internal/domain/user/event/user_events.go:206.55,206.75 1 0
go-ddd-scaffold/internal/domain/user/event/user_events.go:207.56,207.80 1 0
go-ddd-scaffold/internal/domain/user/event/user_events.go:208.55,208.78 1 0
go-ddd-scaffold/internal/domain/user/event/user_events.go:209.55,209.75 1 0
go-ddd-scaffold/internal/domain/tenant/entity/tenant.go:42.53,51.2 1 0
go-ddd-scaffold/internal/domain/tenant/entity/tenant.go:54.33,56.2 1 0
go-ddd-scaffold/internal/domain/tenant/entity/tenant.go:59.35,61.2 1 0
go-ddd-scaffold/internal/domain/tenant/entity/tenant.go:64.59,66.2 1 0
go-ddd-scaffold/internal/domain/tenant/entity/tenant.go:69.119,70.18 1 0
go-ddd-scaffold/internal/domain/tenant/entity/tenant.go:70.18,72.3 1 0
go-ddd-scaffold/internal/domain/tenant/entity/tenant.go:74.2,74.36 1 0
go-ddd-scaffold/internal/domain/tenant/entity/tenant.go:74.36,76.3 1 0
go-ddd-scaffold/internal/domain/tenant/entity/tenant.go:79.2,79.35 1 0
go-ddd-scaffold/internal/domain/tenant/entity/tenant.go:79.35,80.69 1 0
go-ddd-scaffold/internal/domain/tenant/entity/tenant.go:80.69,82.4 1 0
go-ddd-scaffold/internal/domain/tenant/entity/tenant.go:85.2,100.21 4 0
go-ddd-scaffold/internal/domain/tenant/entity/tenant.go:104.57,105.35 1 0
go-ddd-scaffold/internal/domain/tenant/entity/tenant.go:105.35,106.28 1 0
go-ddd-scaffold/internal/domain/tenant/entity/tenant.go:106.28,115.4 5 0
go-ddd-scaffold/internal/domain/tenant/entity/tenant.go:117.2,117.32 1 0
go-ddd-scaffold/internal/domain/tenant/entity/tenant.go:121.41,123.2 1 0
go-ddd-scaffold/internal/domain/tenant/entity/tenant.go:126.32,128.2 1 0
go-ddd-scaffold/internal/domain/tenant/entity/tenant.go:131.46,133.2 1 0
go-ddd-scaffold/internal/domain/tenant/entity/tenant.go:136.45,138.35 2 0
go-ddd-scaffold/internal/domain/tenant/entity/tenant.go:138.35,139.42 1 0
go-ddd-scaffold/internal/domain/tenant/entity/tenant.go:139.42,141.4 1 0
go-ddd-scaffold/internal/domain/tenant/entity/tenant.go:143.2,143.14 1 0
go-ddd-scaffold/internal/domain/tenant/entity/tenant_member.go:36.91,45.2 1 0
go-ddd-scaffold/internal/domain/tenant/entity/tenant_member.go:48.40,50.2 1 0
go-ddd-scaffold/internal/domain/tenant/entity/tenant_member.go:53.41,55.2 1 0
go-ddd-scaffold/internal/domain/tenant/entity/tenant_member.go:58.33,62.2 3 0
go-ddd-scaffold/internal/application/user/dto/dto.go:81.43,82.19 1 0
go-ddd-scaffold/internal/application/user/dto/dto.go:82.19,84.3 1 0
go-ddd-scaffold/internal/application/user/dto/dto.go:90.2,100.3 1 0
go-ddd-scaffold/internal/application/user/dto/dto.go:104.66,105.19 1 0
go-ddd-scaffold/internal/application/user/dto/dto.go:105.19,107.3 1 0
go-ddd-scaffold/internal/application/user/dto/dto.go:109.2,117.3 1 0
go-ddd-scaffold/internal/application/user/dto/dto.go:121.42,122.16 1 0
go-ddd-scaffold/internal/application/user/dto/dto.go:122.16,124.3 1 0
go-ddd-scaffold/internal/application/user/dto/dto.go:126.2,143.13 5 0
go-ddd-scaffold/cmd/server/main.go:11.13,14.16 2 0
go-ddd-scaffold/cmd/server/main.go:14.16,16.3 1 0
go-ddd-scaffold/cmd/server/main.go:17.2,20.42 2 0
go-ddd-scaffold/cmd/server/main.go:20.42,22.3 1 0
go-ddd-scaffold/internal/domain/user/valueobject/user_values.go:14.44,16.18 2 1
go-ddd-scaffold/internal/domain/user/valueobject/user_values.go:16.18,18.3 1 1
go-ddd-scaffold/internal/domain/user/valueobject/user_values.go:19.2,19.15 1 1
go-ddd-scaffold/internal/domain/user/valueobject/user_values.go:22.31,23.49 1 1
go-ddd-scaffold/internal/domain/user/valueobject/user_values.go:23.49,25.3 1 1
go-ddd-scaffold/internal/domain/user/valueobject/user_values.go:27.2,28.42 2 1
go-ddd-scaffold/internal/domain/user/valueobject/user_values.go:31.32,33.2 1 1
go-ddd-scaffold/internal/domain/user/valueobject/user_values.go:35.32,37.21 2 0
go-ddd-scaffold/internal/domain/user/valueobject/user_values.go:37.21,39.3 1 0
go-ddd-scaffold/internal/domain/user/valueobject/user_values.go:40.2,40.11 1 0
go-ddd-scaffold/internal/domain/user/valueobject/user_values.go:44.41,46.2 1 1
go-ddd-scaffold/internal/domain/user/valueobject/user_values.go:49.41,51.2 1 0
go-ddd-scaffold/internal/domain/user/valueobject/user_values.go:54.47,56.2 1 0
go-ddd-scaffold/internal/domain/user/valueobject/user_values.go:61.63,63.18 2 1
go-ddd-scaffold/internal/domain/user/valueobject/user_values.go:63.18,65.3 1 1
go-ddd-scaffold/internal/domain/user/valueobject/user_values.go:66.2,66.15 1 1
go-ddd-scaffold/internal/domain/user/valueobject/user_values.go:69.39,73.23 2 1
go-ddd-scaffold/internal/domain/user/valueobject/user_values.go:73.23,75.3 1 1
go-ddd-scaffold/internal/domain/user/valueobject/user_values.go:78.2,78.24 1 1
go-ddd-scaffold/internal/domain/user/valueobject/user_values.go:78.24,80.3 1 0
go-ddd-scaffold/internal/domain/user/valueobject/user_values.go:83.2,87.31 3 1
go-ddd-scaffold/internal/domain/user/valueobject/user_values.go:90.40,92.2 1 1
go-ddd-scaffold/internal/domain/user/valueobject/user_values.go:94.42,104.14 7 0
go-ddd-scaffold/internal/domain/user/valueobject/user_values.go:104.14,106.3 1 0
go-ddd-scaffold/internal/domain/user/valueobject/user_values.go:107.2,107.14 1 0
go-ddd-scaffold/internal/domain/user/valueobject/user_values.go:107.14,109.3 1 0
go-ddd-scaffold/internal/domain/user/valueobject/user_values.go:110.2,110.15 1 0
go-ddd-scaffold/internal/domain/user/valueobject/user_values.go:110.15,112.3 1 0
go-ddd-scaffold/internal/domain/user/valueobject/user_values.go:113.2,113.16 1 0
go-ddd-scaffold/internal/domain/user/valueobject/user_values.go:113.16,115.3 1 0
go-ddd-scaffold/internal/domain/user/valueobject/user_values.go:117.2,117.25 1 0
go-ddd-scaffold/internal/domain/user/valueobject/user_values.go:117.25,119.3 1 0
go-ddd-scaffold/internal/domain/user/valueobject/user_values.go:121.2,121.19 1 0
go-ddd-scaffold/internal/domain/user/valueobject/user_values.go:121.19,123.3 1 0
go-ddd-scaffold/internal/domain/user/valueobject/user_values.go:123.8,123.26 1 0
go-ddd-scaffold/internal/domain/user/valueobject/user_values.go:123.26,125.3 1 0
go-ddd-scaffold/internal/domain/user/valueobject/user_values.go:125.8,127.3 1 0
go-ddd-scaffold/internal/domain/user/valueobject/user_values.go:133.54,135.2 1 0
go-ddd-scaffold/internal/domain/user/valueobject/user_values.go:137.41,139.2 1 0
go-ddd-scaffold/internal/domain/user/valueobject/user_values.go:141.66,144.2 1 0
go-ddd-scaffold/internal/domain/user/valueobject/user_values.go:149.53,151.18 2 1
go-ddd-scaffold/internal/domain/user/valueobject/user_values.go:151.18,153.3 1 1
go-ddd-scaffold/internal/domain/user/valueobject/user_values.go:154.2,154.15 1 1
go-ddd-scaffold/internal/domain/user/valueobject/user_values.go:157.34,161.42 2 1
go-ddd-scaffold/internal/domain/user/valueobject/user_values.go:161.42,163.3 1 1
go-ddd-scaffold/internal/domain/user/valueobject/user_values.go:166.2,166.43 1 1
go-ddd-scaffold/internal/domain/user/valueobject/user_values.go:166.43,168.3 1 1
go-ddd-scaffold/internal/domain/user/valueobject/user_values.go:171.2,172.43 2 1
go-ddd-scaffold/internal/domain/user/valueobject/user_values.go:175.35,177.2 1 1
go-ddd-scaffold/internal/domain/user/valueobject/user_values.go:179.32,181.2 1 0
go-ddd-scaffold/internal/domain/user/valueobject/user_values.go:191.91,192.36 1 0
go-ddd-scaffold/internal/domain/user/valueobject/user_values.go:192.36,194.3 1 0
go-ddd-scaffold/internal/domain/user/valueobject/user_values.go:197.2,205.27 2 0
go-ddd-scaffold/internal/domain/user/valueobject/user_values.go:205.27,207.3 1 0
go-ddd-scaffold/internal/domain/user/valueobject/user_values.go:209.2,214.8 1 0
go-ddd-scaffold/internal/domain/user/valueobject/user_values.go:217.37,219.14 2 0
go-ddd-scaffold/internal/domain/user/valueobject/user_values.go:219.14,221.3 1 0
go-ddd-scaffold/internal/domain/user/valueobject/user_values.go:222.2,222.62 1 0
go-ddd-scaffold/internal/domain/user/valueobject/user_values.go:225.38,227.2 1 0
go-ddd-scaffold/internal/domain/user/valueobject/user_values.go:229.59,231.2 1 0
go-ddd-scaffold/internal/domain/user/valueobject/user_values.go:236.53,238.19 2 0
go-ddd-scaffold/internal/domain/user/valueobject/user_values.go:238.19,240.3 1 0
go-ddd-scaffold/internal/domain/user/valueobject/user_values.go:241.2,241.16 1 0
go-ddd-scaffold/internal/domain/user/valueobject/user_values.go:244.37,248.38 2 0
go-ddd-scaffold/internal/domain/user/valueobject/user_values.go:248.38,250.3 1 0
go-ddd-scaffold/internal/domain/user/valueobject/user_values.go:253.2,253.39 1 0
go-ddd-scaffold/internal/domain/user/valueobject/user_values.go:253.39,255.3 1 0
go-ddd-scaffold/internal/domain/user/valueobject/user_values.go:257.2,257.13 1 0
go-ddd-scaffold/internal/domain/user/valueobject/user_values.go:260.38,262.2 1 0
go-ddd-scaffold/internal/domain/user/service/password_hasher.go:21.62,23.2 1 1
go-ddd-scaffold/internal/domain/user/service/password_hasher.go:28.54,30.2 1 1
go-ddd-scaffold/internal/domain/user/service/password_hasher.go:33.67,36.2 2 1
go-ddd-scaffold/internal/domain/user/service/password_hasher.go:39.64,42.2 2 1
go-ddd-scaffold/internal/domain/user/service/user_registration_service.go:26.28,31.2 1 0
go-ddd-scaffold/internal/domain/user/service/user_registration_service.go:43.112,45.62 1 0
go-ddd-scaffold/internal/domain/user/service/user_registration_service.go:45.62,47.3 1 0
go-ddd-scaffold/internal/domain/user/service/user_registration_service.go:50.2,50.65 1 0
go-ddd-scaffold/internal/domain/user/service/user_registration_service.go:50.65,52.3 1 0
go-ddd-scaffold/internal/domain/user/service/user_registration_service.go:55.2,56.16 2 0
go-ddd-scaffold/internal/domain/user/service/user_registration_service.go:56.16,58.3 1 0
go-ddd-scaffold/internal/domain/user/service/user_registration_service.go:61.2,62.16 2 0
go-ddd-scaffold/internal/domain/user/service/user_registration_service.go:62.16,64.3 1 0
go-ddd-scaffold/internal/domain/user/service/user_registration_service.go:67.2,68.16 2 0
go-ddd-scaffold/internal/domain/user/service/user_registration_service.go:68.16,70.3 1 0
go-ddd-scaffold/internal/domain/user/service/user_registration_service.go:73.2,83.44 2 0
go-ddd-scaffold/internal/domain/user/service/user_registration_service.go:83.44,84.64 1 0
go-ddd-scaffold/internal/domain/user/service/user_registration_service.go:84.64,86.4 1 0
go-ddd-scaffold/internal/domain/user/service/user_registration_service.go:89.2,89.18 1 0
go-ddd-scaffold/internal/domain/user/service/user_registration_service.go:93.96,95.16 2 0
go-ddd-scaffold/internal/domain/user/service/user_registration_service.go:95.16,97.36 1 0
go-ddd-scaffold/internal/domain/user/service/user_registration_service.go:97.36,99.4 1 0
go-ddd-scaffold/internal/domain/user/service/user_registration_service.go:100.3,100.13 1 0
go-ddd-scaffold/internal/domain/user/service/user_registration_service.go:103.2,103.21 1 0
go-ddd-scaffold/internal/domain/user/service/user_registration_service.go:103.21,105.3 1 0
go-ddd-scaffold/internal/domain/user/service/user_registration_service.go:107.2,107.12 1 0
go-ddd-scaffold/internal/domain/user/service/user_registration_service.go:111.83,113.16 2 0
go-ddd-scaffold/internal/domain/user/service/user_registration_service.go:113.16,115.3 1 0
go-ddd-scaffold/internal/domain/user/service/user_registration_service.go:117.2,117.25 1 0
go-ddd-scaffold/internal/domain/user/service/user_registration_service.go:117.25,119.3 1 0
go-ddd-scaffold/internal/domain/user/service/user_registration_service.go:121.2,121.12 1 0
go-ddd-scaffold/internal/domain/user/service/user_registration_service.go:125.99,142.2 1 0
go-ddd-scaffold/internal/domain/tenant/event/tenant_events.go:23.118,35.2 1 0
go-ddd-scaffold/internal/domain/tenant/event/tenant_events.go:37.57,37.79 1 0
go-ddd-scaffold/internal/domain/tenant/event/tenant_events.go:38.57,38.77 1 0
go-ddd-scaffold/internal/domain/tenant/event/tenant_events.go:39.57,39.81 1 0
go-ddd-scaffold/internal/domain/tenant/event/tenant_events.go:40.57,40.80 1 0
go-ddd-scaffold/internal/domain/tenant/event/tenant_events.go:41.57,41.77 1 0
go-ddd-scaffold/internal/domain/tenant/event/tenant_events.go:57.107,69.2 1 0
go-ddd-scaffold/internal/domain/tenant/event/tenant_events.go:71.61,71.83 1 0
go-ddd-scaffold/internal/domain/tenant/event/tenant_events.go:72.61,72.81 1 0
go-ddd-scaffold/internal/domain/tenant/event/tenant_events.go:73.61,73.85 1 0
go-ddd-scaffold/internal/domain/tenant/event/tenant_events.go:74.61,74.84 1 0
go-ddd-scaffold/internal/domain/tenant/event/tenant_events.go:75.61,75.81 1 0
go-ddd-scaffold/internal/domain/tenant/event/tenant_events.go:90.98,101.2 1 0
go-ddd-scaffold/internal/domain/tenant/event/tenant_events.go:103.63,103.85 1 0
go-ddd-scaffold/internal/domain/tenant/event/tenant_events.go:104.63,104.83 1 0
go-ddd-scaffold/internal/domain/tenant/event/tenant_events.go:105.63,105.87 1 0
go-ddd-scaffold/internal/domain/tenant/event/tenant_events.go:106.63,106.86 1 0
go-ddd-scaffold/internal/domain/tenant/event/tenant_events.go:107.63,107.83 1 0
go-ddd-scaffold/docs/docs.go:662.13,664.2 1 0
go-ddd-scaffold/internal/application/user/service/authentication_service.go:31.64,33.2 1 0
go-ddd-scaffold/internal/application/user/service/authentication_service.go:36.55,38.2 1 0
go-ddd-scaffold/internal/application/user/service/authentication_service.go:67.25,80.2 3 0
go-ddd-scaffold/internal/application/user/service/authentication_service.go:83.108,85.73 1 0
go-ddd-scaffold/internal/application/user/service/authentication_service.go:85.73,87.3 1 0
go-ddd-scaffold/internal/application/user/service/authentication_service.go:90.2,91.25 2 0
go-ddd-scaffold/internal/application/user/service/authentication_service.go:91.25,93.3 1 0
go-ddd-scaffold/internal/application/user/service/authentication_service.go:96.2,97.25 2 0
go-ddd-scaffold/internal/application/user/service/authentication_service.go:97.25,100.17 3 0
go-ddd-scaffold/internal/application/user/service/authentication_service.go:100.17,102.4 1 0
go-ddd-scaffold/internal/application/user/service/authentication_service.go:106.2,106.46 1 0
go-ddd-scaffold/internal/application/user/service/authentication_service.go:106.46,107.22 1 0
go-ddd-scaffold/internal/application/user/service/authentication_service.go:107.22,109.4 1 0
go-ddd-scaffold/internal/application/user/service/authentication_service.go:112.3,113.17 2 0
go-ddd-scaffold/internal/application/user/service/authentication_service.go:113.17,115.4 1 0
go-ddd-scaffold/internal/application/user/service/authentication_service.go:117.3,118.17 2 0
go-ddd-scaffold/internal/application/user/service/authentication_service.go:118.17,120.4 1 0
go-ddd-scaffold/internal/application/user/service/authentication_service.go:123.3,123.38 1 0
go-ddd-scaffold/internal/application/user/service/authentication_service.go:123.38,125.4 1 0
go-ddd-scaffold/internal/application/user/service/authentication_service.go:129.2,130.16 2 0
go-ddd-scaffold/internal/application/user/service/authentication_service.go:130.16,132.3 1 0
go-ddd-scaffold/internal/application/user/service/authentication_service.go:135.2,136.16 2 0
go-ddd-scaffold/internal/application/user/service/authentication_service.go:136.16,138.3 1 0
go-ddd-scaffold/internal/application/user/service/authentication_service.go:140.2,144.16 3 0
go-ddd-scaffold/internal/application/user/service/authentication_service.go:144.16,146.3 1 0
go-ddd-scaffold/internal/application/user/service/authentication_service.go:149.2,149.56 1 0
go-ddd-scaffold/internal/application/user/service/authentication_service.go:149.56,151.3 1 0
go-ddd-scaffold/internal/application/user/service/authentication_service.go:154.2,154.21 1 0
go-ddd-scaffold/internal/application/user/service/authentication_service.go:154.21,164.70 2 0
go-ddd-scaffold/internal/application/user/service/authentication_service.go:164.70,166.4 1 0
go-ddd-scaffold/internal/application/user/service/authentication_service.go:170.2,178.21 4 0
go-ddd-scaffold/internal/application/user/service/authentication_service.go:178.21,180.17 2 0
go-ddd-scaffold/internal/application/user/service/authentication_service.go:180.17,183.4 2 0
go-ddd-scaffold/internal/application/user/service/authentication_service.go:185.2,185.21 1 0
go-ddd-scaffold/internal/application/user/service/authentication_service.go:189.111,192.16 2 0
go-ddd-scaffold/internal/application/user/service/authentication_service.go:192.16,194.3 1 0
go-ddd-scaffold/internal/application/user/service/authentication_service.go:198.2,198.73 1 0
go-ddd-scaffold/internal/application/user/service/authentication_service.go:198.73,200.3 1 0
go-ddd-scaffold/internal/application/user/service/authentication_service.go:203.2,203.46 1 0
go-ddd-scaffold/internal/application/user/service/authentication_service.go:203.46,205.3 1 0
go-ddd-scaffold/internal/application/user/service/authentication_service.go:208.2,209.16 2 0
go-ddd-scaffold/internal/application/user/service/authentication_service.go:209.16,211.3 1 0
go-ddd-scaffold/internal/application/user/service/authentication_service.go:214.2,227.22 4 0
go-ddd-scaffold/internal/application/user/service/authentication_service.go:231.99,233.44 1 0
go-ddd-scaffold/internal/application/user/service/authentication_service.go:233.44,236.17 2 0
go-ddd-scaffold/internal/application/user/service/authentication_service.go:236.17,243.18 3 0
go-ddd-scaffold/internal/application/user/service/authentication_service.go:243.19,246.5 0 0
go-ddd-scaffold/internal/application/user/service/authentication_service.go:250.2,250.12 1 0
go-ddd-scaffold/internal/application/user/service/tenant_service.go:25.17,30.2 1 0
go-ddd-scaffold/internal/application/user/service/tenant_service.go:33.129,42.28 2 0
go-ddd-scaffold/internal/application/user/service/tenant_service.go:42.28,44.3 1 0
go-ddd-scaffold/internal/application/user/service/tenant_service.go:46.2,47.16 2 0
go-ddd-scaffold/internal/application/user/service/tenant_service.go:47.16,49.3 1 0
go-ddd-scaffold/internal/application/user/service/tenant_service.go:52.2,61.63 2 0
go-ddd-scaffold/internal/application/user/service/tenant_service.go:61.63,63.3 1 0
go-ddd-scaffold/internal/application/user/service/tenant_service.go:65.2,65.40 1 0
go-ddd-scaffold/internal/application/user/service/tenant_service.go:69.97,71.16 2 0
go-ddd-scaffold/internal/application/user/service/tenant_service.go:71.16,73.3 1 0
go-ddd-scaffold/internal/application/user/service/tenant_service.go:75.2,76.16 2 0
go-ddd-scaffold/internal/application/user/service/tenant_service.go:76.16,78.3 1 0
go-ddd-scaffold/internal/application/user/service/tenant_service.go:80.2,81.33 2 0
go-ddd-scaffold/internal/application/user/service/tenant_service.go:81.33,82.54 1 0
go-ddd-scaffold/internal/application/user/service/tenant_service.go:82.54,84.4 1 0
go-ddd-scaffold/internal/application/user/service/tenant_service.go:87.2,87.50 1 0
go-ddd-scaffold/internal/application/user/service/transactional_auth_service_example.go:54.39,68.2 3 0
go-ddd-scaffold/internal/application/user/service/transactional_auth_service_example.go:71.121,74.16 2 0
go-ddd-scaffold/internal/application/user/service/transactional_auth_service_example.go:74.16,76.3 1 0
go-ddd-scaffold/internal/application/user/service/transactional_auth_service_example.go:77.2,77.15 1 0
go-ddd-scaffold/internal/application/user/service/transactional_auth_service_example.go:77.15,78.31 1 0
go-ddd-scaffold/internal/application/user/service/transactional_auth_service_example.go:78.31,80.12 2 0
go-ddd-scaffold/internal/application/user/service/transactional_auth_service_example.go:84.2,87.73 2 0
go-ddd-scaffold/internal/application/user/service/transactional_auth_service_example.go:87.73,89.3 1 0
go-ddd-scaffold/internal/application/user/service/transactional_auth_service_example.go:94.2,96.25 3 0
go-ddd-scaffold/internal/application/user/service/transactional_auth_service_example.go:96.25,98.3 1 0
go-ddd-scaffold/internal/application/user/service/transactional_auth_service_example.go:101.2,102.25 2 0
go-ddd-scaffold/internal/application/user/service/transactional_auth_service_example.go:102.25,105.17 3 0
go-ddd-scaffold/internal/application/user/service/transactional_auth_service_example.go:105.17,107.4 1 0
go-ddd-scaffold/internal/application/user/service/transactional_auth_service_example.go:111.2,111.46 1 0
go-ddd-scaffold/internal/application/user/service/transactional_auth_service_example.go:111.46,112.22 1 0
go-ddd-scaffold/internal/application/user/service/transactional_auth_service_example.go:112.22,114.4 1 0
go-ddd-scaffold/internal/application/user/service/transactional_auth_service_example.go:118.3,119.17 2 0
go-ddd-scaffold/internal/application/user/service/transactional_auth_service_example.go:119.17,121.4 1 0
go-ddd-scaffold/internal/application/user/service/transactional_auth_service_example.go:123.3,124.17 2 0
go-ddd-scaffold/internal/application/user/service/transactional_auth_service_example.go:124.17,126.4 1 0
go-ddd-scaffold/internal/application/user/service/transactional_auth_service_example.go:129.3,129.38 1 0
go-ddd-scaffold/internal/application/user/service/transactional_auth_service_example.go:129.38,131.4 1 0
go-ddd-scaffold/internal/application/user/service/transactional_auth_service_example.go:135.2,136.16 2 0
go-ddd-scaffold/internal/application/user/service/transactional_auth_service_example.go:136.16,138.3 1 0
go-ddd-scaffold/internal/application/user/service/transactional_auth_service_example.go:141.2,142.16 2 0
go-ddd-scaffold/internal/application/user/service/transactional_auth_service_example.go:142.16,144.3 1 0
go-ddd-scaffold/internal/application/user/service/transactional_auth_service_example.go:146.2,150.16 3 0
go-ddd-scaffold/internal/application/user/service/transactional_auth_service_example.go:150.16,152.3 1 0
go-ddd-scaffold/internal/application/user/service/transactional_auth_service_example.go:157.2,157.56 1 0
go-ddd-scaffold/internal/application/user/service/transactional_auth_service_example.go:157.56,159.3 1 0
go-ddd-scaffold/internal/application/user/service/transactional_auth_service_example.go:162.2,162.21 1 0
go-ddd-scaffold/internal/application/user/service/transactional_auth_service_example.go:162.21,174.70 2 0
go-ddd-scaffold/internal/application/user/service/transactional_auth_service_example.go:174.70,176.4 1 0
go-ddd-scaffold/internal/application/user/service/transactional_auth_service_example.go:181.2,186.92 2 0
go-ddd-scaffold/internal/application/user/service/transactional_auth_service_example.go:186.92,188.3 1 0
go-ddd-scaffold/internal/application/user/service/transactional_auth_service_example.go:193.2,193.36 1 0
go-ddd-scaffold/internal/application/user/service/transactional_auth_service_example.go:193.36,195.3 1 0
go-ddd-scaffold/internal/application/user/service/transactional_auth_service_example.go:198.2,199.21 2 0
go-ddd-scaffold/internal/application/user/service/transactional_auth_service_example.go:199.21,201.17 2 0
go-ddd-scaffold/internal/application/user/service/transactional_auth_service_example.go:201.17,204.4 2 0
go-ddd-scaffold/internal/application/user/service/transactional_auth_service_example.go:206.2,206.21 1 0
go-ddd-scaffold/internal/application/user/service/transactional_auth_service_example.go:210.124,215.16 2 0
go-ddd-scaffold/internal/application/user/service/transactional_auth_service_example.go:215.16,217.3 1 0
go-ddd-scaffold/internal/application/user/service/transactional_auth_service_example.go:221.2,221.49 1 0
go-ddd-scaffold/internal/application/user/service/transactional_auth_service_example.go:221.49,223.3 1 0
go-ddd-scaffold/internal/application/user/service/transactional_auth_service_example.go:226.2,226.46 1 0
go-ddd-scaffold/internal/application/user/service/transactional_auth_service_example.go:226.46,228.3 1 0
go-ddd-scaffold/internal/application/user/service/transactional_auth_service_example.go:231.2,232.16 2 0
go-ddd-scaffold/internal/application/user/service/transactional_auth_service_example.go:232.16,234.3 1 0
go-ddd-scaffold/internal/application/user/service/transactional_auth_service_example.go:237.2,251.67 2 0
go-ddd-scaffold/internal/application/user/service/transactional_auth_service_example.go:255.112,257.44 1 0
go-ddd-scaffold/internal/application/user/service/transactional_auth_service_example.go:257.44,259.17 2 0
go-ddd-scaffold/internal/application/user/service/transactional_auth_service_example.go:259.17,262.18 3 0
go-ddd-scaffold/internal/application/user/service/transactional_auth_service_example.go:262.19,264.5 0 0
go-ddd-scaffold/internal/application/user/service/transactional_auth_service_example.go:268.2,268.12 1 0
go-ddd-scaffold/internal/application/user/service/user_command_service.go:32.22,39.2 1 0
go-ddd-scaffold/internal/application/user/service/user_command_service.go:42.114,44.16 2 0
go-ddd-scaffold/internal/application/user/service/user_command_service.go:44.16,46.3 1 0
go-ddd-scaffold/internal/application/user/service/user_command_service.go:48.2,48.22 1 0
go-ddd-scaffold/internal/application/user/service/user_command_service.go:48.22,50.17 2 0
go-ddd-scaffold/internal/application/user/service/user_command_service.go:50.17,52.4 1 0
go-ddd-scaffold/internal/application/user/service/user_command_service.go:53.3,53.27 1 0
go-ddd-scaffold/internal/application/user/service/user_command_service.go:55.2,55.25 1 0
go-ddd-scaffold/internal/application/user/service/user_command_service.go:55.25,57.17 2 0
go-ddd-scaffold/internal/application/user/service/user_command_service.go:57.17,59.4 1 0
go-ddd-scaffold/internal/application/user/service/user_command_service.go:61.3,62.17 2 0
go-ddd-scaffold/internal/application/user/service/user_command_service.go:62.17,64.4 1 0
go-ddd-scaffold/internal/application/user/service/user_command_service.go:65.3,65.65 1 0
go-ddd-scaffold/internal/application/user/service/user_command_service.go:67.2,67.23 1 0
go-ddd-scaffold/internal/application/user/service/user_command_service.go:67.23,69.3 1 0
go-ddd-scaffold/internal/application/user/service/user_command_service.go:71.2,71.43 1 0
go-ddd-scaffold/internal/application/user/service/user_command_service.go:75.120,77.16 2 0
go-ddd-scaffold/internal/application/user/service/user_command_service.go:77.16,79.3 1 0
go-ddd-scaffold/internal/application/user/service/user_command_service.go:82.2,82.25 1 0
go-ddd-scaffold/internal/application/user/service/user_command_service.go:82.25,84.17 2 0
go-ddd-scaffold/internal/application/user/service/user_command_service.go:84.17,86.4 1 0
go-ddd-scaffold/internal/application/user/service/user_command_service.go:87.3,87.33 1 0
go-ddd-scaffold/internal/application/user/service/user_command_service.go:91.2,91.22 1 0
go-ddd-scaffold/internal/application/user/service/user_command_service.go:91.22,93.3 1 0
go-ddd-scaffold/internal/application/user/service/user_command_service.go:96.2,96.20 1 0
go-ddd-scaffold/internal/application/user/service/user_command_service.go:96.20,98.3 1 0
go-ddd-scaffold/internal/application/user/service/user_command_service.go:100.2,100.43 1 0
go-ddd-scaffold/internal/application/user/service/user_command_service.go:104.86,106.2 1 0
go-ddd-scaffold/internal/application/user/service/user_query_service.go:27.20,33.2 1 0
go-ddd-scaffold/internal/application/user/service/user_query_service.go:36.94,38.16 2 0
go-ddd-scaffold/internal/application/user/service/user_query_service.go:38.16,40.3 1 0
go-ddd-scaffold/internal/application/user/service/user_query_service.go:42.2,46.36 3 0
go-ddd-scaffold/internal/application/user/service/user_query_service.go:46.36,50.3 3 0
go-ddd-scaffold/internal/application/user/service/user_query_service.go:52.2,52.21 1 0
go-ddd-scaffold/internal/application/user/service/user_query_service.go:56.98,58.16 2 0
go-ddd-scaffold/internal/application/user/service/user_query_service.go:58.16,60.3 1 0
go-ddd-scaffold/internal/application/user/service/user_query_service.go:62.2,62.39 1 0
go-ddd-scaffold/internal/application/user/service/user_query_service.go:66.108,68.16 2 0
go-ddd-scaffold/internal/application/user/service/user_query_service.go:68.16,70.3 1 0
go-ddd-scaffold/internal/application/user/service/user_query_service.go:72.2,73.33 2 0
go-ddd-scaffold/internal/application/user/service/user_query_service.go:73.33,75.17 2 0
go-ddd-scaffold/internal/application/user/service/user_query_service.go:75.17,76.12 1 0
go-ddd-scaffold/internal/application/user/service/user_query_service.go:79.3,83.31 4 0
go-ddd-scaffold/internal/application/user/service/user_query_service.go:85.2,85.18 1 0
go-ddd-scaffold/internal/application/user/service/user_query_service.go:89.110,91.16 2 0
go-ddd-scaffold/internal/application/user/service/user_query_service.go:91.16,93.3 1 0
go-ddd-scaffold/internal/application/user/service/user_query_service.go:95.2,96.33 2 0
go-ddd-scaffold/internal/application/user/service/user_query_service.go:96.33,97.54 1 0
go-ddd-scaffold/internal/application/user/service/user_query_service.go:97.54,98.12 1 0
go-ddd-scaffold/internal/application/user/service/user_query_service.go:101.3,102.17 2 0
go-ddd-scaffold/internal/application/user/service/user_query_service.go:102.17,103.12 1 0
go-ddd-scaffold/internal/application/user/service/user_query_service.go:106.3,109.33 4 0
go-ddd-scaffold/internal/application/user/service/user_query_service.go:112.2,112.19 1 0
go-ddd-scaffold/internal/application/tenant/service/tenant_service.go:45.17,52.2 1 0
go-ddd-scaffold/internal/application/tenant/service/tenant_service.go:55.106,58.16 2 0
go-ddd-scaffold/internal/application/tenant/service/tenant_service.go:58.16,60.3 1 0
go-ddd-scaffold/internal/application/tenant/service/tenant_service.go:63.2,64.41 2 0
go-ddd-scaffold/internal/application/tenant/service/tenant_service.go:64.41,66.17 2 0
go-ddd-scaffold/internal/application/tenant/service/tenant_service.go:66.17,67.12 1 0
go-ddd-scaffold/internal/application/tenant/service/tenant_service.go:70.3,76.5 1 0
go-ddd-scaffold/internal/application/tenant/service/tenant_service.go:79.2,79.20 1 0
go-ddd-scaffold/internal/application/tenant/service/tenant_service.go:83.133,87.68 2 0
go-ddd-scaffold/internal/application/tenant/service/tenant_service.go:87.68,106.56 5 0
go-ddd-scaffold/internal/application/tenant/service/tenant_service.go:106.56,108.4 1 0
go-ddd-scaffold/internal/application/tenant/service/tenant_service.go:111.3,120.56 2 0
go-ddd-scaffold/internal/application/tenant/service/tenant_service.go:120.56,122.4 1 0
go-ddd-scaffold/internal/application/tenant/service/tenant_service.go:127.3,127.107 1 0
go-ddd-scaffold/internal/application/tenant/service/tenant_service.go:127.107,131.4 1 0
go-ddd-scaffold/internal/application/tenant/service/tenant_service.go:133.3,134.13 2 0
go-ddd-scaffold/internal/application/tenant/service/tenant_service.go:137.2,137.16 1 0
go-ddd-scaffold/internal/application/tenant/service/tenant_service.go:137.16,139.3 1 0
go-ddd-scaffold/internal/application/tenant/service/tenant_service.go:141.2,141.27 1 0
go-ddd-scaffold/internal/config/viper.go:10.53,22.41 8 0
go-ddd-scaffold/internal/config/viper.go:22.41,23.56 1 0
go-ddd-scaffold/internal/config/viper.go:23.56,25.4 1 0
go-ddd-scaffold/internal/config/viper.go:29.2,30.42 2 0
go-ddd-scaffold/internal/config/viper.go:30.42,32.3 1 0
go-ddd-scaffold/internal/config/viper.go:34.2,34.18 1 0
go-ddd-scaffold/internal/domain/tenant/aggregate/tenant_aggregate.go:18.65,20.2 1 0
go-ddd-scaffold/internal/domain/tenant/aggregate/tenant_aggregate.go:23.54,25.2 1 0
go-ddd-scaffold/internal/domain/tenant/aggregate/tenant_aggregate.go:28.45,30.2 1 0
go-ddd-scaffold/internal/domain/tenant/aggregate/tenant_aggregate.go:33.42,35.2 1 0
go-ddd-scaffold/internal/domain/tenant/aggregate/tenant_aggregate.go:38.44,40.2 1 0
go-ddd-scaffold/internal/domain/tenant/aggregate/tenant_aggregate.go:43.68,45.2 1 0
go-ddd-scaffold/internal/domain/tenant/aggregate/tenant_aggregate.go:48.64,52.2 3 0
go-ddd-scaffold/internal/domain/tenant/aggregate/tenant_aggregate.go:55.68,58.2 2 0
go-ddd-scaffold/internal/application/user/assembler/user_assembler.go:39.39,41.2 1 0
go-ddd-scaffold/internal/application/user/assembler/user_assembler.go:44.64,45.17 1 0
go-ddd-scaffold/internal/application/user/assembler/user_assembler.go:45.17,47.3 1 0
go-ddd-scaffold/internal/application/user/assembler/user_assembler.go:49.2,59.3 1 0
go-ddd-scaffold/internal/application/user/assembler/user_assembler.go:63.106,64.17 1 0
go-ddd-scaffold/internal/application/user/assembler/user_assembler.go:64.17,66.3 1 0
go-ddd-scaffold/internal/application/user/assembler/user_assembler.go:68.2,71.3 1 0
go-ddd-scaffold/internal/application/user/assembler/user_assembler.go:75.135,76.16 1 0
go-ddd-scaffold/internal/application/user/assembler/user_assembler.go:76.16,78.3 1 0
go-ddd-scaffold/internal/application/user/assembler/user_assembler.go:80.2,81.16 2 0
go-ddd-scaffold/internal/application/user/assembler/user_assembler.go:81.16,83.3 1 0
go-ddd-scaffold/internal/application/user/assembler/user_assembler.go:85.2,86.16 2 0
go-ddd-scaffold/internal/application/user/assembler/user_assembler.go:86.16,88.3 1 0
go-ddd-scaffold/internal/application/user/assembler/user_assembler.go:90.2,98.18 2 0
go-ddd-scaffold/internal/application/user/assembler/user_assembler.go:102.110,103.31 1 0
go-ddd-scaffold/internal/application/user/assembler/user_assembler.go:103.31,105.3 1 0
go-ddd-scaffold/internal/application/user/assembler/user_assembler.go:107.2,107.25 1 0
go-ddd-scaffold/internal/application/user/assembler/user_assembler.go:107.25,109.17 2 0
go-ddd-scaffold/internal/application/user/assembler/user_assembler.go:109.17,111.4 1 0
go-ddd-scaffold/internal/application/user/assembler/user_assembler.go:112.3,112.27 1 0
go-ddd-scaffold/internal/application/user/assembler/user_assembler.go:115.2,115.22 1 0
go-ddd-scaffold/internal/application/user/assembler/user_assembler.go:115.22,117.3 1 0
go-ddd-scaffold/internal/application/user/assembler/user_assembler.go:119.2,119.20 1 0
go-ddd-scaffold/internal/application/user/assembler/user_assembler.go:119.20,121.3 1 0
go-ddd-scaffold/internal/application/user/assembler/user_assembler.go:123.2,123.12 1 0
go-ddd-scaffold/internal/application/user/assembler/user_assembler.go:127.69,129.16 2 0
go-ddd-scaffold/internal/application/user/assembler/user_assembler.go:129.16,131.3 1 0
go-ddd-scaffold/internal/application/user/assembler/user_assembler.go:132.2,132.17 1 0
go-ddd-scaffold/internal/application/user/assembler/user_assembler.go:136.63,139.2 2 0
go-ddd-scaffold/internal/infrastructure/app/service.go:30.45,34.16 2 0
go-ddd-scaffold/internal/infrastructure/app/service.go:34.16,36.3 1 0
go-ddd-scaffold/internal/infrastructure/app/service.go:39.2,40.16 2 0
go-ddd-scaffold/internal/infrastructure/app/service.go:40.16,42.3 1 0
go-ddd-scaffold/internal/infrastructure/app/service.go:45.2,46.16 2 0
go-ddd-scaffold/internal/infrastructure/app/service.go:46.16,48.3 1 0
go-ddd-scaffold/internal/infrastructure/app/service.go:51.2,52.16 2 0
go-ddd-scaffold/internal/infrastructure/app/service.go:52.16,54.3 1 0
go-ddd-scaffold/internal/infrastructure/app/service.go:56.2,62.8 1 0
go-ddd-scaffold/internal/infrastructure/app/service.go:66.37,73.48 2 0
go-ddd-scaffold/internal/infrastructure/app/service.go:73.48,75.3 1 0
go-ddd-scaffold/internal/infrastructure/app/service.go:78.2,78.12 1 0
go-ddd-scaffold/internal/infrastructure/app/service.go:78.12,79.44 1 0
go-ddd-scaffold/internal/infrastructure/app/service.go:79.44,81.4 1 0
go-ddd-scaffold/internal/infrastructure/app/service.go:85.2,85.30 1 0
go-ddd-scaffold/internal/infrastructure/app/service.go:89.49,102.49 6 0
go-ddd-scaffold/internal/infrastructure/app/service.go:102.49,105.3 2 0
go-ddd-scaffold/internal/infrastructure/app/service.go:108.2,109.16 2 0
go-ddd-scaffold/internal/infrastructure/app/service.go:109.16,111.3 1 0
go-ddd-scaffold/internal/infrastructure/app/service.go:111.8,112.39 1 0
go-ddd-scaffold/internal/infrastructure/app/service.go:112.39,114.4 1 0
go-ddd-scaffold/internal/infrastructure/app/service.go:118.2,121.12 3 0
go-ddd-scaffold/internal/infrastructure/app/service.go:125.59,127.2 1 0
go-ddd-scaffold/internal/infrastructure/app/service.go:130.49,132.2 1 0
go-ddd-scaffold/internal/infrastructure/app/service.go:135.48,137.2 1 0
go-ddd-scaffold/internal/infrastructure/app/service.go:140.33,142.19 1 0
go-ddd-scaffold/internal/infrastructure/app/service.go:142.19,143.44 1 0
go-ddd-scaffold/internal/infrastructure/app/service.go:143.44,145.4 1 0
go-ddd-scaffold/internal/infrastructure/app/service.go:149.2,149.23 1 0
go-ddd-scaffold/internal/infrastructure/app/service.go:149.23,151.3 1 0
go-ddd-scaffold/internal/infrastructure/app/service.go:155.58,159.33 3 0
go-ddd-scaffold/internal/infrastructure/app/service.go:159.33,161.3 1 0
go-ddd-scaffold/internal/infrastructure/app/service.go:161.8,163.3 1 0
go-ddd-scaffold/internal/infrastructure/app/service.go:165.2,165.16 1 0
go-ddd-scaffold/internal/infrastructure/app/service.go:165.16,167.3 1 0
go-ddd-scaffold/internal/infrastructure/app/service.go:169.2,169.20 1 0
go-ddd-scaffold/internal/infrastructure/app/service.go:173.77,181.16 4 0
go-ddd-scaffold/internal/infrastructure/app/service.go:181.16,183.3 1 0
go-ddd-scaffold/internal/infrastructure/app/service.go:185.2,185.16 1 0
go-ddd-scaffold/internal/domain/shared/valueobject/email.go:18.44,20.26 2 1
go-ddd-scaffold/internal/domain/shared/valueobject/email.go:20.26,22.3 1 1
go-ddd-scaffold/internal/domain/shared/valueobject/email.go:23.2,23.33 1 1
go-ddd-scaffold/internal/domain/shared/valueobject/email.go:27.31,29.2 1 1
go-ddd-scaffold/internal/domain/shared/valueobject/email.go:32.32,34.2 1 0
go-ddd-scaffold/internal/domain/shared/valueobject/email.go:37.41,39.2 1 1
go-ddd-scaffold/internal/domain/shared/valueobject/email.go:42.38,44.2 1 1
go-ddd-scaffold/internal/domain/shared/valueobject/email.go:47.46,49.2 1 1
go-ddd-scaffold/internal/domain/shared/valueobject/email.go:52.50,54.56 2 1
go-ddd-scaffold/internal/domain/shared/valueobject/email.go:54.56,56.3 1 0
go-ddd-scaffold/internal/domain/shared/valueobject/email.go:57.2,58.16 2 1
go-ddd-scaffold/internal/domain/shared/valueobject/email.go:58.16,60.3 1 1
go-ddd-scaffold/internal/domain/shared/valueobject/email.go:61.2,62.12 2 1
go-ddd-scaffold/internal/domain/shared/valueobject/identity.go:16.37,18.2 1 1
go-ddd-scaffold/internal/domain/shared/valueobject/identity.go:21.48,23.16 2 1
go-ddd-scaffold/internal/domain/shared/valueobject/identity.go:23.16,25.3 1 1
go-ddd-scaffold/internal/domain/shared/valueobject/identity.go:26.2,26.31 1 1
go-ddd-scaffold/internal/domain/shared/valueobject/identity.go:30.36,32.2 1 1
go-ddd-scaffold/internal/domain/shared/valueobject/identity.go:35.34,37.2 1 1
go-ddd-scaffold/internal/domain/shared/valueobject/identity.go:40.44,42.2 1 1
go-ddd-scaffold/internal/domain/shared/valueobject/identity.go:45.48,47.2 1 1
go-ddd-scaffold/internal/domain/shared/valueobject/identity.go:50.52,52.53 2 1
go-ddd-scaffold/internal/domain/shared/valueobject/identity.go:52.53,54.3 1 0
go-ddd-scaffold/internal/domain/shared/valueobject/identity.go:55.2,56.16 2 1
go-ddd-scaffold/internal/domain/shared/valueobject/identity.go:56.16,58.3 1 0
go-ddd-scaffold/internal/domain/shared/valueobject/identity.go:59.2,60.12 2 1
go-ddd-scaffold/internal/domain/shared/valueobject/identity.go:69.41,71.2 1 1
go-ddd-scaffold/internal/domain/shared/valueobject/identity.go:74.52,76.16 2 0
go-ddd-scaffold/internal/domain/shared/valueobject/identity.go:76.16,78.3 1 0
go-ddd-scaffold/internal/domain/shared/valueobject/identity.go:79.2,79.33 1 0
go-ddd-scaffold/internal/domain/shared/valueobject/identity.go:83.38,85.2 1 1
go-ddd-scaffold/internal/domain/shared/valueobject/identity.go:88.36,90.2 1 1
go-ddd-scaffold/internal/domain/shared/valueobject/identity.go:93.48,95.2 1 1
go-ddd-scaffold/internal/domain/shared/valueobject/identity.go:98.50,100.2 1 0
go-ddd-scaffold/internal/domain/shared/valueobject/identity.go:103.54,105.53 2 0
go-ddd-scaffold/internal/domain/shared/valueobject/identity.go:105.53,107.3 1 0
go-ddd-scaffold/internal/domain/shared/valueobject/identity.go:108.2,109.16 2 0
go-ddd-scaffold/internal/domain/shared/valueobject/identity.go:109.16,111.3 1 0
go-ddd-scaffold/internal/domain/shared/valueobject/identity.go:112.2,113.12 2 0
go-ddd-scaffold/internal/infrastructure/event/domain_event.go:37.49,39.2 1 0
go-ddd-scaffold/internal/infrastructure/event/domain_event.go:42.47,44.2 1 0
go-ddd-scaffold/internal/infrastructure/event/domain_event.go:47.54,49.2 1 0
go-ddd-scaffold/internal/infrastructure/event/domain_event.go:52.53,54.2 1 0
go-ddd-scaffold/internal/infrastructure/event/domain_event.go:57.44,59.2 1 0
go-ddd-scaffold/internal/infrastructure/event/domain_event.go:72.30,77.2 1 0
go-ddd-scaffold/internal/infrastructure/event/domain_event.go:80.77,86.2 4 0
go-ddd-scaffold/internal/infrastructure/event/domain_event.go:89.79,97.2 4 0
go-ddd-scaffold/internal/infrastructure/event/domain_event.go:100.75,101.18 1 0
go-ddd-scaffold/internal/infrastructure/event/domain_event.go:101.18,103.3 1 0
go-ddd-scaffold/internal/infrastructure/event/domain_event.go:105.2,105.36 1 0
go-ddd-scaffold/internal/infrastructure/event/domain_event.go:109.79,110.18 1 0
go-ddd-scaffold/internal/infrastructure/event/domain_event.go:110.18,112.3 1 0
go-ddd-scaffold/internal/infrastructure/event/domain_event.go:114.2,114.40 1 0
go-ddd-scaffold/internal/infrastructure/event/domain_event.go:118.59,120.2 1 0
go-ddd-scaffold/internal/infrastructure/event/domain_event.go:123.53,128.37 4 0
go-ddd-scaffold/internal/infrastructure/event/domain_event.go:128.37,130.3 1 0
go-ddd-scaffold/internal/infrastructure/event/domain_event.go:132.2,132.15 1 0
go-ddd-scaffold/internal/infrastructure/event/domain_event.go:141.42,145.2 1 0
go-ddd-scaffold/internal/infrastructure/event/domain_event.go:148.77,150.2 1 0
go-ddd-scaffold/internal/infrastructure/event/domain_event.go:153.79,157.2 1 0
go-ddd-scaffold/internal/infrastructure/event/domain_event.go:160.60,162.35 2 0
go-ddd-scaffold/internal/infrastructure/event/domain_event.go:162.35,164.3 1 0
go-ddd-scaffold/internal/infrastructure/event/domain_event.go:165.2,165.12 1 0
go-ddd-scaffold/internal/infrastructure/event/domain_event.go:169.64,171.35 2 0
go-ddd-scaffold/internal/infrastructure/event/domain_event.go:171.35,172.62 1 0
go-ddd-scaffold/internal/infrastructure/event/domain_event.go:172.62,174.4 1 0
go-ddd-scaffold/internal/infrastructure/event/domain_event.go:176.2,176.12 1 0
go-ddd-scaffold/internal/infrastructure/event/domain_event.go:180.68,182.2 1 0
go-ddd-scaffold/internal/infrastructure/event/event_manager.go:32.76,42.2 1 0
go-ddd-scaffold/internal/infrastructure/event/event_manager.go:45.86,49.91 2 0
go-ddd-scaffold/internal/infrastructure/event/event_manager.go:49.91,51.3 1 0
go-ddd-scaffold/internal/infrastructure/event/event_manager.go:53.2,56.3 1 0
go-ddd-scaffold/internal/infrastructure/event/event_manager.go:60.80,66.2 2 0
go-ddd-scaffold/internal/infrastructure/event/event_manager.go:69.48,71.2 1 0
go-ddd-scaffold/internal/infrastructure/event/event_manager.go:74.109,76.19 2 0
go-ddd-scaffold/internal/infrastructure/event/event_manager.go:76.19,82.3 1 0
go-ddd-scaffold/internal/infrastructure/event/event_manager.go:84.2,85.60 2 0
go-ddd-scaffold/internal/infrastructure/event/event_manager.go:85.60,87.21 2 0
go-ddd-scaffold/internal/infrastructure/event/event_manager.go:87.21,95.4 2 0
go-ddd-scaffold/internal/infrastructure/event/event_manager.go:98.3,98.46 1 0
go-ddd-scaffold/internal/infrastructure/event/event_manager.go:98.46,105.4 2 0
go-ddd-scaffold/internal/infrastructure/event/event_manager.go:108.3,109.16 2 0
go-ddd-scaffold/internal/infrastructure/event/event_manager.go:109.16,118.4 2 0
go-ddd-scaffold/internal/infrastructure/event/event_manager.go:121.2,127.16 2 0
go-ddd-scaffold/internal/infrastructure/event/event_manager.go:139.74,140.28 1 0
go-ddd-scaffold/internal/infrastructure/event/event_manager.go:140.28,142.3 1 0
go-ddd-scaffold/internal/infrastructure/event/event_manager.go:144.2,145.53 2 0
go-ddd-scaffold/internal/infrastructure/event/event_manager.go:145.53,147.3 1 0
go-ddd-scaffold/internal/infrastructure/event/event_manager.go:149.2,149.24 1 0
go-ddd-scaffold/internal/infrastructure/event/event_manager.go:149.24,151.3 1 0
go-ddd-scaffold/internal/infrastructure/event/event_manager.go:153.2,153.14 1 0
go-ddd-scaffold/internal/infrastructure/event/event_manager.go:157.64,158.28 1 0
go-ddd-scaffold/internal/infrastructure/event/event_manager.go:158.28,160.3 1 0
go-ddd-scaffold/internal/infrastructure/event/event_manager.go:164.2,164.13 1 0
go-ddd-scaffold/internal/infrastructure/event/event_manager.go:181.34,185.2 1 0
go-ddd-scaffold/internal/infrastructure/event/event_manager.go:188.47,189.9 1 0
go-ddd-scaffold/internal/infrastructure/event/event_manager.go:190.23,190.23 0 0
go-ddd-scaffold/internal/infrastructure/event/event_manager.go:191.10,191.10 0 0
go-ddd-scaffold/internal/infrastructure/event/event_manager.go:197.43,198.9 1 0
go-ddd-scaffold/internal/infrastructure/event/event_manager.go:199.25,200.14 1 0
go-ddd-scaffold/internal/infrastructure/event/event_manager.go:201.10,202.13 1 0
go-ddd-scaffold/internal/infrastructure/event/event_store.go:39.91,44.2 1 0
go-ddd-scaffold/internal/infrastructure/event/event_store.go:47.87,49.2 1 0
go-ddd-scaffold/internal/infrastructure/event/event_store.go:52.77,54.24 2 0
go-ddd-scaffold/internal/infrastructure/event/event_store.go:54.24,56.3 1 0
go-ddd-scaffold/internal/infrastructure/event/event_store.go:57.2,57.14 1 0
go-ddd-scaffold/internal/infrastructure/event/event_store.go:68.50,73.2 1 0
go-ddd-scaffold/internal/infrastructure/event/event_store.go:76.86,84.2 6 0
go-ddd-scaffold/internal/infrastructure/event/event_store.go:87.105,92.13 4 0
go-ddd-scaffold/internal/infrastructure/event/event_store.go:92.13,94.3 1 0
go-ddd-scaffold/internal/infrastructure/event/event_store.go:96.2,98.20 3 0
go-ddd-scaffold/internal/infrastructure/event/event_store.go:102.50,106.2 3 0
go-ddd-scaffold/internal/infrastructure/event/event_store.go:109.114,114.36 4 0
go-ddd-scaffold/internal/infrastructure/event/event_store.go:114.36,117.54 2 0
go-ddd-scaffold/internal/infrastructure/event/event_store.go:117.54,119.4 1 0
go-ddd-scaffold/internal/infrastructure/event/event_store.go:122.2,122.20 1 0
go-ddd-scaffold/internal/infrastructure/event/event_store.go:126.82,128.2 1 0
go-ddd-scaffold/internal/infrastructure/event/event_store.go:131.102,136.30 3 0
go-ddd-scaffold/internal/infrastructure/event/event_store.go:136.30,138.3 1 0
go-ddd-scaffold/internal/infrastructure/event/event_store.go:139.2,141.20 3 0
go-ddd-scaffold/internal/infrastructure/event/event_store.go:145.89,148.2 1 0
go-ddd-scaffold/internal/infrastructure/event/event_store.go:151.103,154.2 1 0
go-ddd-scaffold/internal/infrastructure/event/event_store.go:157.91,163.36 4 0
go-ddd-scaffold/internal/infrastructure/event/event_store.go:163.36,164.42 1 0
go-ddd-scaffold/internal/infrastructure/event/event_store.go:164.42,166.4 1 0
go-ddd-scaffold/internal/infrastructure/event/event_store.go:168.2,171.44 2 0
go-ddd-scaffold/internal/infrastructure/event/event_store.go:171.44,173.32 2 0
go-ddd-scaffold/internal/infrastructure/event/event_store.go:173.32,174.43 1 0
go-ddd-scaffold/internal/infrastructure/event/event_store.go:174.43,176.5 1 0
go-ddd-scaffold/internal/infrastructure/event/event_store.go:178.3,178.31 1 0
go-ddd-scaffold/internal/infrastructure/event/event_store.go:178.31,180.4 1 0
go-ddd-scaffold/internal/infrastructure/event/event_store.go:180.9,182.4 1 0
go-ddd-scaffold/internal/infrastructure/event/event_store.go:185.2,185.12 1 0
go-ddd-scaffold/internal/infrastructure/event/outbox_repository.go:30.39,32.2 1 0
go-ddd-scaffold/internal/infrastructure/event/outbox_repository.go:66.60,68.2 1 0
go-ddd-scaffold/internal/infrastructure/event/outbox_repository.go:71.96,72.18 1 0
go-ddd-scaffold/internal/infrastructure/event/outbox_repository.go:72.18,74.3 1 0
go-ddd-scaffold/internal/infrastructure/event/outbox_repository.go:76.2,77.16 2 0
go-ddd-scaffold/internal/infrastructure/event/outbox_repository.go:77.16,79.3 1 0
go-ddd-scaffold/internal/infrastructure/event/outbox_repository.go:81.2,96.21 4 0
go-ddd-scaffold/internal/infrastructure/event/outbox_repository.go:100.105,112.16 5 0
go-ddd-scaffold/internal/infrastructure/event/outbox_repository.go:112.16,114.3 1 0
go-ddd-scaffold/internal/infrastructure/event/outbox_repository.go:116.2,116.20 1 0
go-ddd-scaffold/internal/infrastructure/event/outbox_repository.go:120.94,131.25 3 0
go-ddd-scaffold/internal/infrastructure/event/outbox_repository.go:131.25,133.3 1 0
go-ddd-scaffold/internal/infrastructure/event/outbox_repository.go:135.2,135.30 1 0
go-ddd-scaffold/internal/infrastructure/event/outbox_repository.go:135.30,137.3 1 0
go-ddd-scaffold/internal/infrastructure/event/outbox_repository.go:139.2,139.12 1 0
go-ddd-scaffold/internal/infrastructure/event/outbox_repository.go:143.95,153.25 3 0
go-ddd-scaffold/internal/infrastructure/event/outbox_repository.go:153.25,155.3 1 0
go-ddd-scaffold/internal/infrastructure/event/outbox_repository.go:157.2,157.30 1 0
go-ddd-scaffold/internal/infrastructure/event/outbox_repository.go:157.30,159.3 1 0
go-ddd-scaffold/internal/infrastructure/event/outbox_repository.go:161.2,161.12 1 0
go-ddd-scaffold/internal/infrastructure/event/outbox_repository.go:165.108,167.16 2 0
go-ddd-scaffold/internal/infrastructure/event/outbox_repository.go:167.16,169.3 1 0
go-ddd-scaffold/internal/infrastructure/event/outbox_repository.go:171.2,177.42 5 0
go-ddd-scaffold/internal/infrastructure/event/outbox_repository.go:177.42,179.3 1 0
go-ddd-scaffold/internal/infrastructure/event/outbox_repository.go:179.8,185.3 4 0
go-ddd-scaffold/internal/infrastructure/event/outbox_repository.go:187.2,188.25 2 0
go-ddd-scaffold/internal/infrastructure/event/outbox_repository.go:188.25,190.3 1 0
go-ddd-scaffold/internal/infrastructure/event/outbox_repository.go:192.2,192.12 1 0
go-ddd-scaffold/internal/infrastructure/event/outbox_repository.go:196.124,200.23 2 0
go-ddd-scaffold/internal/infrastructure/event/outbox_repository.go:200.23,202.30 2 0
go-ddd-scaffold/internal/infrastructure/event/outbox_repository.go:202.30,204.4 1 0
go-ddd-scaffold/internal/infrastructure/event/outbox_repository.go:205.3,205.54 1 0
go-ddd-scaffold/internal/infrastructure/event/outbox_repository.go:208.2,209.25 2 0
go-ddd-scaffold/internal/infrastructure/event/outbox_repository.go:209.25,211.3 1 0
go-ddd-scaffold/internal/infrastructure/event/outbox_repository.go:213.2,213.12 1 0
go-ddd-scaffold/internal/infrastructure/event/outbox_repository.go:217.107,220.16 3 0
go-ddd-scaffold/internal/infrastructure/event/outbox_repository.go:220.16,221.36 1 0
go-ddd-scaffold/internal/infrastructure/event/outbox_repository.go:221.36,223.4 1 0
go-ddd-scaffold/internal/infrastructure/event/outbox_repository.go:224.3,224.50 1 0
go-ddd-scaffold/internal/infrastructure/event/outbox_repository.go:226.2,226.20 1 0
go-ddd-scaffold/internal/infrastructure/event/outbox_repository.go:230.64,236.22 4 0
go-ddd-scaffold/internal/infrastructure/event/outbox_repository.go:236.22,238.3 1 0
go-ddd-scaffold/internal/infrastructure/event/outbox_repository.go:239.2,239.14 1 0
go-ddd-scaffold/internal/infrastructure/event/redis_event_bus.go:37.18,38.28 1 0
go-ddd-scaffold/internal/infrastructure/event/redis_event_bus.go:38.28,40.3 1 0
go-ddd-scaffold/internal/infrastructure/event/redis_event_bus.go:41.2,41.32 1 0
go-ddd-scaffold/internal/infrastructure/event/redis_event_bus.go:41.32,43.3 1 0
go-ddd-scaffold/internal/infrastructure/event/redis_event_bus.go:44.2,44.30 1 0
go-ddd-scaffold/internal/infrastructure/event/redis_event_bus.go:44.30,46.3 1 0
go-ddd-scaffold/internal/infrastructure/event/redis_event_bus.go:47.2,47.27 1 0
go-ddd-scaffold/internal/infrastructure/event/redis_event_bus.go:47.27,49.3 1 0
go-ddd-scaffold/internal/infrastructure/event/redis_event_bus.go:51.2,66.3 3 0
go-ddd-scaffold/internal/infrastructure/event/redis_event_bus.go:70.82,75.2 3 0
go-ddd-scaffold/internal/infrastructure/event/redis_event_bus.go:78.84,83.2 3 0
go-ddd-scaffold/internal/infrastructure/event/redis_event_bus.go:86.80,87.18 1 0
go-ddd-scaffold/internal/infrastructure/event/redis_event_bus.go:87.18,89.3 1 0
go-ddd-scaffold/internal/infrastructure/event/redis_event_bus.go:92.2,93.16 2 0
go-ddd-scaffold/internal/infrastructure/event/redis_event_bus.go:93.16,95.3 1 0
go-ddd-scaffold/internal/infrastructure/event/redis_event_bus.go:97.2,97.12 1 0
go-ddd-scaffold/internal/infrastructure/event/redis_event_bus.go:101.84,102.18 1 0
go-ddd-scaffold/internal/infrastructure/event/redis_event_bus.go:102.18,104.3 1 0
go-ddd-scaffold/internal/infrastructure/event/redis_event_bus.go:107.2,108.16 2 0
go-ddd-scaffold/internal/infrastructure/event/redis_event_bus.go:108.16,110.3 1 0
go-ddd-scaffold/internal/infrastructure/event/redis_event_bus.go:113.2,117.35 4 0
go-ddd-scaffold/internal/infrastructure/event/redis_event_bus.go:117.35,118.45 1 0
go-ddd-scaffold/internal/infrastructure/event/redis_event_bus.go:118.45,120.4 1 0
go-ddd-scaffold/internal/infrastructure/event/redis_event_bus.go:123.2,123.12 1 0
go-ddd-scaffold/internal/infrastructure/event/redis_event_bus.go:127.34,128.16 1 0
go-ddd-scaffold/internal/infrastructure/event/redis_event_bus.go:128.16,130.3 1 0
go-ddd-scaffold/internal/infrastructure/event/redis_event_bus.go:132.2,135.23 2 0
go-ddd-scaffold/internal/infrastructure/event/redis_event_bus.go:139.33,140.17 1 0
go-ddd-scaffold/internal/infrastructure/event/redis_event_bus.go:140.17,142.3 1 0
go-ddd-scaffold/internal/infrastructure/event/redis_event_bus.go:144.2,145.13 2 0
go-ddd-scaffold/internal/infrastructure/event/redis_event_bus.go:149.42,153.6 3 0
go-ddd-scaffold/internal/infrastructure/event/redis_event_bus.go:153.6,154.10 1 0
go-ddd-scaffold/internal/infrastructure/event/redis_event_bus.go:155.24,156.10 1 0
go-ddd-scaffold/internal/infrastructure/event/redis_event_bus.go:157.19,158.29 1 0
go-ddd-scaffold/internal/infrastructure/event/redis_event_bus.go:164.49,170.16 4 0
go-ddd-scaffold/internal/infrastructure/event/redis_event_bus.go:170.16,172.3 1 0
go-ddd-scaffold/internal/infrastructure/event/redis_event_bus.go:174.2,174.22 1 0
go-ddd-scaffold/internal/infrastructure/event/redis_event_bus.go:174.22,176.3 1 0
go-ddd-scaffold/internal/infrastructure/event/redis_event_bus.go:179.2,179.31 1 0
go-ddd-scaffold/internal/infrastructure/event/redis_event_bus.go:179.31,181.3 1 0
go-ddd-scaffold/internal/infrastructure/event/redis_event_bus.go:185.87,190.24 4 0
go-ddd-scaffold/internal/infrastructure/event/redis_event_bus.go:190.24,192.3 1 0
go-ddd-scaffold/internal/infrastructure/event/redis_event_bus.go:194.2,195.43 2 0
go-ddd-scaffold/internal/infrastructure/event/redis_event_bus.go:195.43,199.36 2 0
go-ddd-scaffold/internal/infrastructure/event/redis_event_bus.go:199.36,200.46 1 0
go-ddd-scaffold/internal/infrastructure/event/redis_event_bus.go:200.46,202.10 2 0
go-ddd-scaffold/internal/infrastructure/event/redis_event_bus.go:207.3,207.21 1 0
go-ddd-scaffold/internal/infrastructure/event/redis_event_bus.go:207.21,210.4 2 0
go-ddd-scaffold/internal/infrastructure/event/redis_event_bus.go:213.3,213.45 1 0
go-ddd-scaffold/internal/infrastructure/event/redis_event_bus.go:213.45,216.4 2 0
go-ddd-scaffold/internal/infrastructure/event/redis_event_bus.go:220.2,220.74 1 0
go-ddd-scaffold/internal/infrastructure/event/redis_event_bus.go:224.64,229.2 3 0
go-ddd-scaffold/internal/infrastructure/event/redis_event_bus.go:232.58,237.37 4 0
go-ddd-scaffold/internal/infrastructure/event/redis_event_bus.go:237.37,239.3 1 0
go-ddd-scaffold/internal/infrastructure/event/redis_event_bus.go:241.2,241.15 1 0
go-ddd-scaffold/internal/infrastructure/event/redis_event_store.go:28.94,29.28 1 0
go-ddd-scaffold/internal/infrastructure/event/redis_event_store.go:29.28,31.3 1 0
go-ddd-scaffold/internal/infrastructure/event/redis_event_store.go:32.2,32.28 1 0
go-ddd-scaffold/internal/infrastructure/event/redis_event_store.go:32.28,34.3 1 0
go-ddd-scaffold/internal/infrastructure/event/redis_event_store.go:35.2,35.32 1 0
go-ddd-scaffold/internal/infrastructure/event/redis_event_store.go:35.32,37.3 1 0
go-ddd-scaffold/internal/infrastructure/event/redis_event_store.go:39.2,42.3 1 0
go-ddd-scaffold/internal/infrastructure/event/redis_event_store.go:65.79,66.18 1 0
go-ddd-scaffold/internal/infrastructure/event/redis_event_store.go:66.18,68.3 1 0
go-ddd-scaffold/internal/infrastructure/event/redis_event_store.go:71.2,72.16 2 0
go-ddd-scaffold/internal/infrastructure/event/redis_event_store.go:72.16,74.3 1 0
go-ddd-scaffold/internal/infrastructure/event/redis_event_store.go:76.2,88.69 2 0
go-ddd-scaffold/internal/infrastructure/event/redis_event_store.go:88.69,90.3 1 0
go-ddd-scaffold/internal/infrastructure/event/redis_event_store.go:93.2,94.16 2 0
go-ddd-scaffold/internal/infrastructure/event/redis_event_store.go:94.16,96.3 1 0
go-ddd-scaffold/internal/infrastructure/event/redis_event_store.go:99.2,107.16 2 0
go-ddd-scaffold/internal/infrastructure/event/redis_event_store.go:107.16,109.3 1 0
go-ddd-scaffold/internal/infrastructure/event/redis_event_store.go:111.2,111.12 1 0
go-ddd-scaffold/internal/infrastructure/event/redis_event_store.go:115.99,123.16 2 0
go-ddd-scaffold/internal/infrastructure/event/redis_event_store.go:123.16,125.3 1 0
go-ddd-scaffold/internal/infrastructure/event/redis_event_store.go:127.2,127.50 1 0
go-ddd-scaffold/internal/infrastructure/event/redis_event_store.go:127.50,129.3 1 0
go-ddd-scaffold/internal/infrastructure/event/redis_event_store.go:131.2,132.39 2 0
go-ddd-scaffold/internal/infrastructure/event/redis_event_store.go:132.39,136.66 3 0
go-ddd-scaffold/internal/infrastructure/event/redis_event_store.go:136.66,137.12 1 0
go-ddd-scaffold/internal/infrastructure/event/redis_event_store.go:141.3,141.42 1 0
go-ddd-scaffold/internal/infrastructure/event/redis_event_store.go:141.42,142.12 1 0
go-ddd-scaffold/internal/infrastructure/event/redis_event_store.go:146.3,146.54 1 0
go-ddd-scaffold/internal/infrastructure/event/redis_event_store.go:146.54,147.46 1 0
go-ddd-scaffold/internal/infrastructure/event/redis_event_store.go:147.46,148.13 1 0
go-ddd-scaffold/internal/infrastructure/event/redis_event_store.go:154.3,154.54 1 0
go-ddd-scaffold/internal/infrastructure/event/redis_event_store.go:157.2,157.20 1 0
go-ddd-scaffold/internal/infrastructure/event/redis_event_store.go:161.86,164.16 2 0
go-ddd-scaffold/internal/infrastructure/event/redis_event_store.go:164.16,166.3 1 0
go-ddd-scaffold/internal/infrastructure/event/redis_event_store.go:168.2,168.27 1 0
go-ddd-scaffold/internal/infrastructure/event/redis_event_store.go:168.27,171.66 3 0
go-ddd-scaffold/internal/infrastructure/event/redis_event_store.go:171.66,172.12 1 0
go-ddd-scaffold/internal/infrastructure/event/redis_event_store.go:175.3,175.32 1 0
go-ddd-scaffold/internal/infrastructure/event/redis_event_store.go:175.32,187.18 4 0
go-ddd-scaffold/internal/infrastructure/event/redis_event_store.go:187.18,189.5 1 0
go-ddd-scaffold/internal/infrastructure/event/redis_event_store.go:192.4,193.14 2 0
go-ddd-scaffold/internal/infrastructure/event/redis_event_store.go:197.2,197.52 1 0
go-ddd-scaffold/internal/infrastructure/event/redis_event_store.go:201.100,203.16 2 0
go-ddd-scaffold/internal/infrastructure/event/redis_event_store.go:203.16,205.3 1 0
go-ddd-scaffold/internal/infrastructure/event/redis_event_store.go:207.2,207.27 1 0
go-ddd-scaffold/internal/infrastructure/event/redis_event_store.go:207.27,210.66 3 0
go-ddd-scaffold/internal/infrastructure/event/redis_event_store.go:210.66,211.12 1 0
go-ddd-scaffold/internal/infrastructure/event/redis_event_store.go:214.3,214.32 1 0
go-ddd-scaffold/internal/infrastructure/event/redis_event_store.go:214.32,221.50 5 0
go-ddd-scaffold/internal/infrastructure/event/redis_event_store.go:221.50,226.5 4 0
go-ddd-scaffold/internal/infrastructure/event/redis_event_store.go:228.4,238.18 3 0
go-ddd-scaffold/internal/infrastructure/event/redis_event_store.go:238.18,240.5 1 0
go-ddd-scaffold/internal/infrastructure/event/redis_event_store.go:243.4,244.14 2 0
go-ddd-scaffold/internal/infrastructure/event/redis_event_store.go:248.2,248.52 1 0
go-ddd-scaffold/internal/infrastructure/event/redis_event_store.go:252.88,256.16 2 0
go-ddd-scaffold/internal/infrastructure/event/redis_event_store.go:256.16,258.3 1 0
go-ddd-scaffold/internal/infrastructure/event/redis_event_store.go:260.2,260.12 1 0
go-ddd-scaffold/internal/infrastructure/event/redis_event_store.go:264.76,274.2 1 0
go-ddd-scaffold/internal/infrastructure/event/redis_event_store.go:286.63,286.78 1 0
go-ddd-scaffold/internal/infrastructure/event/redis_event_store.go:287.63,287.85 1 0
go-ddd-scaffold/internal/infrastructure/event/redis_event_store.go:288.63,288.87 1 0
go-ddd-scaffold/internal/infrastructure/event/redis_event_store.go:289.63,289.85 1 0
go-ddd-scaffold/internal/infrastructure/event/redis_event_store.go:290.63,290.80 1 0
go-ddd-scaffold/internal/infrastructure/event/redis_event_store.go:291.63,291.83 1 0
go-ddd-scaffold/internal/infrastructure/event/setup.go:17.71,21.75 2 0
go-ddd-scaffold/internal/infrastructure/event/setup.go:21.75,23.10 2 0
go-ddd-scaffold/internal/infrastructure/event/setup.go:23.10,25.4 1 0
go-ddd-scaffold/internal/infrastructure/event/setup.go:27.3,36.13 2 0
go-ddd-scaffold/internal/infrastructure/event/setup.go:38.2,41.76 2 0
go-ddd-scaffold/internal/infrastructure/event/setup.go:41.76,43.10 2 0
go-ddd-scaffold/internal/infrastructure/event/setup.go:43.10,45.4 1 0
go-ddd-scaffold/internal/infrastructure/event/setup.go:47.3,50.56 2 0
go-ddd-scaffold/internal/infrastructure/event/setup.go:50.56,53.4 1 0
go-ddd-scaffold/internal/infrastructure/event/setup.go:55.3,55.13 1 0
go-ddd-scaffold/internal/infrastructure/event/setup.go:57.2,60.98 3 0
go-ddd-scaffold/internal/infrastructure/event/setup.go:64.77,81.2 3 0
go-ddd-scaffold/internal/infrastructure/event/transactional_publisher.go:37.32,38.27 1 0
go-ddd-scaffold/internal/infrastructure/event/transactional_publisher.go:38.27,40.3 1 0
go-ddd-scaffold/internal/infrastructure/event/transactional_publisher.go:41.2,41.28 1 0
go-ddd-scaffold/internal/infrastructure/event/transactional_publisher.go:41.28,43.3 1 0
go-ddd-scaffold/internal/infrastructure/event/transactional_publisher.go:44.2,44.30 1 0
go-ddd-scaffold/internal/infrastructure/event/transactional_publisher.go:44.30,46.3 1 0
go-ddd-scaffold/internal/infrastructure/event/transactional_publisher.go:48.2,55.25 2 0
go-ddd-scaffold/internal/infrastructure/event/transactional_publisher.go:55.25,63.3 1 0
go-ddd-scaffold/internal/infrastructure/event/transactional_publisher.go:65.2,65.18 1 0
go-ddd-scaffold/internal/infrastructure/event/transactional_publisher.go:70.123,71.18 1 0
go-ddd-scaffold/internal/infrastructure/event/transactional_publisher.go:71.18,73.3 1 0
go-ddd-scaffold/internal/infrastructure/event/transactional_publisher.go:76.2,76.42 1 0
go-ddd-scaffold/internal/infrastructure/event/transactional_publisher.go:80.78,81.30 1 0
go-ddd-scaffold/internal/infrastructure/event/transactional_publisher.go:81.30,83.3 1 0
go-ddd-scaffold/internal/infrastructure/event/transactional_publisher.go:85.2,85.12 1 0
go-ddd-scaffold/internal/infrastructure/event/transactional_publisher.go:85.12,87.54 2 0
go-ddd-scaffold/internal/infrastructure/event/transactional_publisher.go:87.54,89.4 1 0
go-ddd-scaffold/internal/infrastructure/event/transactional_publisher.go:92.2,92.12 1 0
go-ddd-scaffold/internal/infrastructure/event/transactional_publisher.go:96.77,97.30 1 0
go-ddd-scaffold/internal/infrastructure/event/transactional_publisher.go:97.30,99.3 1 0
go-ddd-scaffold/internal/infrastructure/event/transactional_publisher.go:101.2,101.36 1 0
go-ddd-scaffold/internal/infrastructure/event/transactional_publisher.go:121.25,130.2 1 0
go-ddd-scaffold/internal/infrastructure/event/transactional_publisher.go:133.65,137.6 3 0
go-ddd-scaffold/internal/infrastructure/event/transactional_publisher.go:137.6,138.10 1 0
go-ddd-scaffold/internal/infrastructure/event/transactional_publisher.go:139.21,141.14 2 0
go-ddd-scaffold/internal/infrastructure/event/transactional_publisher.go:142.19,143.46 1 0
go-ddd-scaffold/internal/infrastructure/event/transactional_publisher.go:143.46,145.5 1 0
go-ddd-scaffold/internal/infrastructure/event/transactional_publisher.go:151.64,154.2 2 0
go-ddd-scaffold/internal/infrastructure/event/transactional_publisher.go:157.72,160.16 2 0
go-ddd-scaffold/internal/infrastructure/event/transactional_publisher.go:160.16,162.3 1 0
go-ddd-scaffold/internal/infrastructure/event/transactional_publisher.go:164.2,164.22 1 0
go-ddd-scaffold/internal/infrastructure/event/transactional_publisher.go:164.22,166.3 1 0
go-ddd-scaffold/internal/infrastructure/event/transactional_publisher.go:168.2,174.37 4 0
go-ddd-scaffold/internal/infrastructure/event/transactional_publisher.go:174.37,177.31 2 0
go-ddd-scaffold/internal/infrastructure/event/transactional_publisher.go:177.31,178.17 1 0
go-ddd-scaffold/internal/infrastructure/event/transactional_publisher.go:178.17,178.32 1 0
go-ddd-scaffold/internal/infrastructure/event/transactional_publisher.go:180.4,180.53 1 0
go-ddd-scaffold/internal/infrastructure/event/transactional_publisher.go:180.53,182.5 1 0
go-ddd-scaffold/internal/infrastructure/event/transactional_publisher.go:187.2,187.38 1 0
go-ddd-scaffold/internal/infrastructure/event/transactional_publisher.go:187.38,189.3 1 0
go-ddd-scaffold/internal/infrastructure/event/transactional_publisher.go:191.2,195.27 3 0
go-ddd-scaffold/internal/infrastructure/event/transactional_publisher.go:195.27,197.3 1 0
go-ddd-scaffold/internal/infrastructure/event/transactional_publisher.go:199.2,199.21 1 0
go-ddd-scaffold/internal/infrastructure/event/transactional_publisher.go:199.21,201.3 1 0
go-ddd-scaffold/internal/infrastructure/event/transactional_publisher.go:203.2,203.12 1 0
go-ddd-scaffold/internal/infrastructure/event/transactional_publisher.go:207.98,209.75 1 0
go-ddd-scaffold/internal/infrastructure/event/transactional_publisher.go:209.75,211.3 1 0
go-ddd-scaffold/internal/infrastructure/event/transactional_publisher.go:214.2,215.16 2 0
go-ddd-scaffold/internal/infrastructure/event/transactional_publisher.go:215.16,221.3 2 0
go-ddd-scaffold/internal/infrastructure/event/transactional_publisher.go:224.2,224.65 1 0
go-ddd-scaffold/internal/infrastructure/event/transactional_publisher.go:224.65,231.3 2 0
go-ddd-scaffold/internal/infrastructure/event/transactional_publisher.go:234.2,234.74 1 0
go-ddd-scaffold/internal/infrastructure/event/transactional_publisher.go:234.74,240.3 2 0
go-ddd-scaffold/internal/infrastructure/event/transactional_publisher.go:242.2,247.12 2 0
go-ddd-scaffold/internal/infrastructure/event/transactional_publisher.go:251.96,257.75 2 0
go-ddd-scaffold/internal/infrastructure/event/transactional_publisher.go:257.75,259.3 1 0
go-ddd-scaffold/internal/infrastructure/event/transactional_publisher.go:263.2,270.8 1 0
go-ddd-scaffold/internal/infrastructure/event/transactional_publisher.go:281.75,287.12 5 0
go-ddd-scaffold/internal/infrastructure/event/transactional_publisher.go:287.12,291.7 3 0
go-ddd-scaffold/internal/infrastructure/event/transactional_publisher.go:291.7,292.11 1 0
go-ddd-scaffold/internal/infrastructure/event/transactional_publisher.go:293.32,294.12 1 0
go-ddd-scaffold/internal/infrastructure/event/transactional_publisher.go:295.24,295.24 0 0
go-ddd-scaffold/internal/infrastructure/event/transactional_publisher.go:296.21,297.12 1 0
go-ddd-scaffold/internal/infrastructure/event/transactional_publisher.go:298.23,299.12 1 0
go-ddd-scaffold/internal/infrastructure/event/transactional_publisher.go:301.20,302.11 1 0
go-ddd-scaffold/internal/infrastructure/event/transactional_publisher.go:303.22,304.11 1 0
go-ddd-scaffold/internal/infrastructure/event/transactional_publisher.go:309.2,314.3 1 0
go-ddd-scaffold/internal/infrastructure/event/transactional_publisher.go:317.29,319.2 1 0
go-ddd-scaffold/internal/infrastructure/server/service.go:43.100,55.44 3 0
go-ddd-scaffold/internal/infrastructure/server/service.go:55.44,58.3 1 0
go-ddd-scaffold/internal/infrastructure/server/service.go:58.8,60.3 1 0
go-ddd-scaffold/internal/infrastructure/server/service.go:62.2,68.8 1 0
go-ddd-scaffold/internal/infrastructure/server/service.go:72.44,74.42 1 0
go-ddd-scaffold/internal/infrastructure/server/service.go:74.42,76.3 1 0
go-ddd-scaffold/internal/infrastructure/server/service.go:79.2,82.12 3 0
go-ddd-scaffold/internal/infrastructure/server/service.go:86.47,88.38 1 0
go-ddd-scaffold/internal/infrastructure/server/service.go:88.38,90.3 1 0
go-ddd-scaffold/internal/infrastructure/server/service.go:93.2,102.12 5 0
go-ddd-scaffold/internal/infrastructure/server/service.go:106.46,138.2 12 0
go-ddd-scaffold/internal/infrastructure/server/service.go:141.42,151.16 5 0
go-ddd-scaffold/internal/infrastructure/server/service.go:151.16,154.3 1 0
go-ddd-scaffold/internal/infrastructure/server/service.go:157.2,158.26 2 0
go-ddd-scaffold/internal/infrastructure/server/service.go:158.26,170.3 5 0
go-ddd-scaffold/internal/infrastructure/server/service.go:170.8,172.3 1 0
go-ddd-scaffold/internal/infrastructure/server/service.go:175.2,185.26 5 0
go-ddd-scaffold/internal/infrastructure/server/service.go:185.26,186.32 1 0
go-ddd-scaffold/internal/infrastructure/server/service.go:186.32,189.4 2 0
go-ddd-scaffold/internal/infrastructure/server/service.go:195.2,199.16 3 0
go-ddd-scaffold/internal/infrastructure/server/service.go:199.16,202.3 2 0
go-ddd-scaffold/internal/infrastructure/server/service.go:205.2,248.44 17 0
go-ddd-scaffold/internal/infrastructure/server/service.go:252.40,260.2 3 0
go-ddd-scaffold/internal/infrastructure/server/service.go:263.39,268.81 2 0
go-ddd-scaffold/internal/infrastructure/server/service.go:268.81,270.3 1 0
go-ddd-scaffold/internal/infrastructure/server/service.go:272.2,272.12 1 0
go-ddd-scaffold/internal/infrastructure/server/service.go:276.61,279.2 2 0
go-ddd-scaffold/internal/infrastructure/server/service.go:282.49,284.2 1 0
go-ddd-scaffold/internal/infrastructure/server/service.go:287.58,289.2 1 0
go-ddd-scaffold/internal/infrastructure/server/service.go:294.53,299.2 1 0
go-ddd-scaffold/internal/infrastructure/server/service.go:302.59,309.2 1 0
go-ddd-scaffold/internal/infrastructure/server/service.go:317.60,318.18 1 0
go-ddd-scaffold/internal/infrastructure/server/service.go:318.18,320.3 1 0
go-ddd-scaffold/internal/infrastructure/server/service.go:323.2,323.12 1 0
go-ddd-scaffold/internal/infrastructure/persistence/gorm/types.go:13.49,14.18 1 0
go-ddd-scaffold/internal/infrastructure/persistence/gorm/types.go:14.18,17.3 2 0
go-ddd-scaffold/internal/infrastructure/persistence/gorm/types.go:19.2,20.27 2 0
go-ddd-scaffold/internal/infrastructure/persistence/gorm/types.go:21.14,22.12 1 0
go-ddd-scaffold/internal/infrastructure/persistence/gorm/types.go:23.14,24.20 1 0
go-ddd-scaffold/internal/infrastructure/persistence/gorm/types.go:25.10,26.64 1 0
go-ddd-scaffold/internal/infrastructure/persistence/gorm/types.go:29.2,29.33 1 0
go-ddd-scaffold/internal/infrastructure/persistence/gorm/types.go:33.48,34.14 1 0
go-ddd-scaffold/internal/infrastructure/persistence/gorm/types.go:34.14,36.3 1 0
go-ddd-scaffold/internal/infrastructure/persistence/gorm/types.go:37.2,37.24 1 0
go-ddd-scaffold/internal/infrastructure/persistence/mapper/user_mapper.go:26.37,28.2 1 0
go-ddd-scaffold/internal/infrastructure/persistence/mapper/user_mapper.go:31.82,32.22 1 0
go-ddd-scaffold/internal/infrastructure/persistence/mapper/user_mapper.go:32.22,34.3 1 0
go-ddd-scaffold/internal/infrastructure/persistence/mapper/user_mapper.go:36.2,39.25 2 0
go-ddd-scaffold/internal/infrastructure/persistence/mapper/user_mapper.go:39.25,41.17 2 0
go-ddd-scaffold/internal/infrastructure/persistence/mapper/user_mapper.go:41.17,43.4 1 0
go-ddd-scaffold/internal/infrastructure/persistence/mapper/user_mapper.go:44.3,44.15 1 0
go-ddd-scaffold/internal/infrastructure/persistence/mapper/user_mapper.go:48.2,48.32 1 0
go-ddd-scaffold/internal/infrastructure/persistence/mapper/user_mapper.go:48.32,50.3 1 0
go-ddd-scaffold/internal/infrastructure/persistence/mapper/user_mapper.go:51.2,51.32 1 0
go-ddd-scaffold/internal/infrastructure/persistence/mapper/user_mapper.go:51.32,53.3 1 0
go-ddd-scaffold/internal/infrastructure/persistence/mapper/user_mapper.go:56.2,56.27 1 0
go-ddd-scaffold/internal/infrastructure/persistence/mapper/user_mapper.go:56.27,58.17 2 0
go-ddd-scaffold/internal/infrastructure/persistence/mapper/user_mapper.go:58.17,60.4 1 0
go-ddd-scaffold/internal/infrastructure/persistence/mapper/user_mapper.go:61.3,61.21 1 0
go-ddd-scaffold/internal/infrastructure/persistence/mapper/user_mapper.go:65.2,65.30 1 0
go-ddd-scaffold/internal/infrastructure/persistence/mapper/user_mapper.go:65.30,67.3 1 0
go-ddd-scaffold/internal/infrastructure/persistence/mapper/user_mapper.go:70.2,70.30 1 0
go-ddd-scaffold/internal/infrastructure/persistence/mapper/user_mapper.go:70.30,72.17 2 0
go-ddd-scaffold/internal/infrastructure/persistence/mapper/user_mapper.go:72.17,74.4 1 0
go-ddd-scaffold/internal/infrastructure/persistence/mapper/user_mapper.go:75.3,75.27 1 0
go-ddd-scaffold/internal/infrastructure/persistence/mapper/user_mapper.go:79.2,84.29 4 0
go-ddd-scaffold/internal/infrastructure/persistence/mapper/user_mapper.go:84.29,86.17 2 0
go-ddd-scaffold/internal/infrastructure/persistence/mapper/user_mapper.go:86.17,88.4 1 0
go-ddd-scaffold/internal/infrastructure/persistence/mapper/user_mapper.go:89.3,89.23 1 0
go-ddd-scaffold/internal/infrastructure/persistence/mapper/user_mapper.go:92.2,92.18 1 0
go-ddd-scaffold/internal/infrastructure/persistence/mapper/user_mapper.go:96.76,97.17 1 0
go-ddd-scaffold/internal/infrastructure/persistence/mapper/user_mapper.go:97.17,99.3 1 0
go-ddd-scaffold/internal/infrastructure/persistence/mapper/user_mapper.go:101.2,125.23 14 0
go-ddd-scaffold/internal/infrastructure/persistence/gorm/model/casbin_rule.gen.go:32.39,34.2 1 0
go-ddd-scaffold/internal/infrastructure/persistence/gorm/model/login_logs.gen.go:31.37,33.2 1 0
go-ddd-scaffold/internal/infrastructure/persistence/gorm/model/tenant_invitations.gen.go:33.45,35.2 1 0
go-ddd-scaffold/internal/infrastructure/persistence/gorm/model/tenant_members.gen.go:31.41,33.2 1 0
[...]
go-ddd-scaffold/internal/pkg/validator/validator.go:72.2,72.33 1 0
go-ddd-scaffold/internal/pkg/validator/validator.go:76.53,78.2 1 0
go-ddd-scaffold/internal/pkg/validator/validator.go:80.51,81.19 1 0
go-ddd-scaffold/internal/pkg/validator/validator.go:82.18,83.56 1 0
go-ddd-scaffold/internal/pkg/validator/validator.go:84.15,85.68 1 0
go-ddd-scaffold/internal/pkg/validator/validator.go:86.13,87.75 1 0
go-ddd-scaffold/internal/pkg/validator/validator.go:88.13,89.75 1 0
go-ddd-scaffold/internal/pkg/validator/validator.go:90.13,91.72 1 0
go-ddd-scaffold/internal/pkg/validator/validator.go:92.17,93.70 1 0
go-ddd-scaffold/internal/pkg/validator/validator.go:94.17,95.73 1 0
go-ddd-scaffold/internal/pkg/validator/validator.go:96.13,97.75 1 0
go-ddd-scaffold/internal/pkg/validator/validator.go:98.13,99.75 1 0
go-ddd-scaffold/internal/pkg/validator/validator.go:100.15,101.79 1 0
go-ddd-scaffold/internal/pkg/validator/validator.go:102.14,103.68 1 0
go-ddd-scaffold/internal/pkg/validator/validator.go:104.15,105.70 1 0
go-ddd-scaffold/internal/pkg/validator/validator.go:106.15,107.70 1 0
go-ddd-scaffold/internal/pkg/validator/validator.go:108.15,109.70 1 0
go-ddd-scaffold/internal/pkg/validator/validator.go:110.13,111.60 1 0
go-ddd-scaffold/internal/pkg/validator/validator.go:112.13,113.60 1 0
go-ddd-scaffold/internal/pkg/validator/validator.go:114.15,115.59 1 0
go-ddd-scaffold/internal/pkg/validator/validator.go:116.18,117.68 1 0
go-ddd-scaffold/internal/pkg/validator/validator.go:118.17,119.56 1 0
go-ddd-scaffold/internal/pkg/validator/validator.go:120.21,121.62 1 0
go-ddd-scaffold/internal/pkg/validator/validator.go:122.18,123.74 1 0
go-ddd-scaffold/internal/pkg/validator/validator.go:124.13,125.67 1 0
go-ddd-scaffold/internal/pkg/validator/validator.go:126.14,127.68 1 0
go-ddd-scaffold/internal/pkg/validator/validator.go:128.13,129.67 1 0
go-ddd-scaffold/internal/pkg/validator/validator.go:130.14,131.68 1 0
go-ddd-scaffold/internal/pkg/validator/validator.go:132.10,133.68 1 0
go-ddd-scaffold/internal/pkg/validator/validator.go:141.47,143.2 1 0
go-ddd-scaffold/internal/pkg/ratelimit/ratelimit.go:37.57,43.2 1 0
go-ddd-scaffold/internal/pkg/ratelimit/ratelimit.go:59.108,67.20 2 0
go-ddd-scaffold/internal/pkg/ratelimit/ratelimit.go:67.20,69.3 1 0
go-ddd-scaffold/internal/pkg/ratelimit/ratelimit.go:71.2,71.11 1 0
go-ddd-scaffold/internal/pkg/ratelimit/ratelimit.go:75.79,80.18 3 0
go-ddd-scaffold/internal/pkg/ratelimit/ratelimit.go:81.17,83.57 1 0
go-ddd-scaffold/internal/pkg/ratelimit/ratelimit.go:83.57,88.25 4 0
go-ddd-scaffold/internal/pkg/ratelimit/ratelimit.go:88.25,90.5 1 0
go-ddd-scaffold/internal/pkg/ratelimit/ratelimit.go:91.9,94.25 2 0
go-ddd-scaffold/internal/pkg/ratelimit/ratelimit.go:94.25,96.5 1 0
go-ddd-scaffold/internal/pkg/ratelimit/ratelimit.go:98.4,98.32 1 0
go-ddd-scaffold/internal/pkg/ratelimit/ratelimit.go:101.21,103.52 1 0
go-ddd-scaffold/internal/pkg/ratelimit/ratelimit.go:103.52,106.4 2 0
go-ddd-scaffold/internal/pkg/ratelimit/ratelimit.go:107.3,108.20 2 0
go-ddd-scaffold/internal/pkg/ratelimit/ratelimit.go:110.10,111.20 1 0
go-ddd-scaffold/internal/pkg/ratelimit/ratelimit.go:115.2,120.16 4 0
go-ddd-scaffold/internal/pkg/ratelimit/ratelimit.go:120.16,125.43 3 0
go-ddd-scaffold/internal/pkg/ratelimit/ratelimit.go:125.43,128.25 2 0
go-ddd-scaffold/internal/pkg/ratelimit/ratelimit.go:128.25,131.5 2 0
go-ddd-scaffold/internal/pkg/ratelimit/ratelimit.go:133.4,133.31 1 0
go-ddd-scaffold/internal/pkg/ratelimit/ratelimit.go:133.31,135.5 1 0
go-ddd-scaffold/internal/pkg/ratelimit/ratelimit.go:137.8,139.32 1 0
go-ddd-scaffold/internal/pkg/ratelimit/ratelimit.go:139.32,145.25 4 0
go-ddd-scaffold/internal/pkg/ratelimit/ratelimit.go:145.25,147.5 1 0
go-ddd-scaffold/internal/pkg/ratelimit/ratelimit.go:149.4,149.31 1 0
go-ddd-scaffold/internal/pkg/ratelimit/ratelimit.go:149.31,151.5 1 0
go-ddd-scaffold/internal/pkg/ratelimit/ratelimit.go:152.9,152.37 1 0
go-ddd-scaffold/internal/pkg/ratelimit/ratelimit.go:152.37,154.23 1 0
go-ddd-scaffold/internal/pkg/ratelimit/ratelimit.go:154.23,156.5 1 0
go-ddd-scaffold/internal/pkg/ratelimit/ratelimit.go:160.2,160.12 1 0
go-ddd-scaffold/internal/pkg/ratelimit/ratelimit.go:164.55,168.2 3 0
go-ddd-scaffold/internal/pkg/ratelimit/ratelimit.go:171.35,179.23 6 0
go-ddd-scaffold/internal/pkg/ratelimit/ratelimit.go:179.23,181.3 1 0
go-ddd-scaffold/internal/pkg/ratelimit/ratelimit.go:183.2,183.29 1 0
go-ddd-scaffold/internal/pkg/ratelimit/ratelimit.go:183.29,185.3 1 0
go-ddd-scaffold/internal/pkg/ratelimit/ratelimit.go:189.71,191.2 1 0
go-ddd-scaffold/internal/pkg/ratelimit/ratelimit.go:205.94,214.2 1 0
go-ddd-scaffold/internal/pkg/ratelimit/ratelimit.go:217.37,225.35 6 0
go-ddd-scaffold/internal/pkg/ratelimit/ratelimit.go:225.35,227.3 1 0
go-ddd-scaffold/internal/pkg/ratelimit/ratelimit.go:228.2,231.20 2 0
go-ddd-scaffold/internal/pkg/ratelimit/ratelimit.go:231.20,234.3 2 0
go-ddd-scaffold/internal/pkg/ratelimit/ratelimit.go:237.2,237.23 1 0
go-ddd-scaffold/internal/pkg/ratelimit/ratelimit.go:237.23,239.3 1 0
go-ddd-scaffold/internal/pkg/ratelimit/ratelimit.go:241.2,241.14 1 0
go-ddd-scaffold/internal/pkg/ratelimit/ratelimit.go:245.56,246.6 1 0
go-ddd-scaffold/internal/pkg/ratelimit/ratelimit.go:246.6,247.10 1 0
go-ddd-scaffold/internal/pkg/ratelimit/ratelimit.go:248.21,249.20 1 0
go-ddd-scaffold/internal/pkg/ratelimit/ratelimit.go:250.11,251.18 1 0
go-ddd-scaffold/internal/pkg/ratelimit/ratelimit.go:251.18,253.5 1 0
go-ddd-scaffold/internal/pkg/ratelimit/ratelimit.go:254.4,254.38 1 0
go-ddd-scaffold/internal/pkg/ratelimit/ratelimit.go:269.22,274.2 1 0
go-ddd-scaffold/internal/pkg/ratelimit/ratelimit.go:277.82,279.29 1 0
go-ddd-scaffold/internal/pkg/ratelimit/ratelimit.go:279.29,281.3 1 0
go-ddd-scaffold/internal/pkg/ratelimit/ratelimit.go:284.2,284.43 1 0
go-ddd-scaffold/internal/pkg/response/response.go:40.50,48.2 1 0
go-ddd-scaffold/internal/pkg/response/response.go:51.69,59.2 1 0
go-ddd-scaffold/internal/pkg/response/response.go:62.64,70.29 2 0
go-ddd-scaffold/internal/pkg/response/response.go:70.29,76.3 1 0
go-ddd-scaffold/internal/pkg/response/response.go:78.2,78.13 1 0
go-ddd-scaffold/internal/pkg/response/response.go:82.62,94.2 1 0
go-ddd-scaffold/internal/pkg/response/response.go:97.63,109.2 1 0
go-ddd-scaffold/internal/pkg/response/response.go:112.47,119.2 1 0
go-ddd-scaffold/internal/pkg/response/response.go:122.71,133.2 1 0
go-ddd-scaffold/internal/pkg/response/response.go:136.86,138.29 2 0
go-ddd-scaffold/internal/pkg/response/response.go:138.29,140.3 1 0
go-ddd-scaffold/internal/pkg/response/response.go:142.2,159.3 3 0
go-ddd-scaffold/internal/pkg/response/response.go:163.72,171.2 1 0
go-ddd-scaffold/internal/pkg/response/response.go:174.66,185.2 1 0
go-ddd-scaffold/internal/pkg/response/response.go:188.63,199.2 1 0
go-ddd-scaffold/pkg/uitl/cast.go:7.42,9.2 1 0
go-ddd-scaffold/pkg/uitl/cast.go:12.46,13.13 1 0
go-ddd-scaffold/pkg/uitl/cast.go:13.13,15.3 1 0
go-ddd-scaffold/pkg/uitl/cast.go:16.2,17.16 2 0
go-ddd-scaffold/pkg/uitl/cast.go:17.16,19.3 1 0
go-ddd-scaffold/pkg/uitl/cast.go:20.2,20.16 1 0
go-ddd-scaffold/pkg/uitl/cast.go:24.36,25.13 1 0
go-ddd-scaffold/pkg/uitl/cast.go:25.13,27.3 1 0
go-ddd-scaffold/pkg/uitl/cast.go:28.2,28.11 1 0
go-ddd-scaffold/tests/helper/user_factory.go:21.48,23.2 1 0
go-ddd-scaffold/tests/helper/user_factory.go:27.85,45.27 6 0
go-ddd-scaffold/tests/helper/user_factory.go:45.27,47.3 1 0
go-ddd-scaffold/tests/helper/user_factory.go:49.2,49.13 1 0
go-ddd-scaffold/tests/helper/user_factory.go:53.123,62.2 1 0
go-ddd-scaffold/tests/helper/user_factory.go:67.54,68.35 1 0
go-ddd-scaffold/tests/helper/user_factory.go:68.35,70.17 2 0
go-ddd-scaffold/tests/helper/user_factory.go:70.17,72.4 1 0
go-ddd-scaffold/tests/helper/user_factory.go:77.60,78.35 1 0
go-ddd-scaffold/tests/helper/user_factory.go:78.35,80.17 2 0
go-ddd-scaffold/tests/helper/user_factory.go:80.17,82.4 1 0
go-ddd-scaffold/tests/helper/user_factory.go:87.60,88.35 1 0
go-ddd-scaffold/tests/helper/user_factory.go:88.35,90.3 1 0
go-ddd-scaffold/tests/helper/user_factory.go:94.72,95.35 1 0
go-ddd-scaffold/tests/helper/user_factory.go:95.35,97.3 1 0
go-ddd-scaffold/tests/helper/user_factory.go:101.51,102.35 1 0
go-ddd-scaffold/tests/helper/user_factory.go:102.35,104.3 1 0
go-ddd-scaffold/tests/helper/user_factory.go:108.54,109.35 1 0
go-ddd-scaffold/tests/helper/user_factory.go:109.35,111.3 1 0
go-ddd-scaffold/tests/helper/user_factory.go:115.50,116.35 1 0
go-ddd-scaffold/tests/helper/user_factory.go:116.35,118.3 1 0
go-ddd-scaffold/tests/helper/user_factory.go:129.52,131.2 1 0
go-ddd-scaffold/tests/helper/user_factory.go:134.93,146.27 2 0
go-ddd-scaffold/tests/helper/user_factory.go:146.27,148.3 1 0
go-ddd-scaffold/tests/helper/user_factory.go:150.2,150.15 1 0
go-ddd-scaffold/tests/helper/user_factory.go:154.54,155.37 1 0
go-ddd-scaffold/tests/helper/user_factory.go:155.37,157.3 1 0
go-ddd-scaffold/tests/helper/user_factory.go:161.61,162.37 1 0
go-ddd-scaffold/tests/helper/user_factory.go:162.37,164.3 1 0
go-ddd-scaffold/tests/helper/user_factory.go:168.56,169.37 1 0
go-ddd-scaffold/tests/helper/user_factory.go:169.37,171.3 1 0
go-ddd-scaffold/tests/helper/user_factory.go:175.67,176.37 1 0
go-ddd-scaffold/tests/helper/user_factory.go:176.37,178.3 1 0
go-ddd-scaffold/tests/helper/user_factory.go:182.59,183.37 1 0
go-ddd-scaffold/tests/helper/user_factory.go:183.37,185.3 1 0
go-ddd-scaffold/internal/infrastructure/transaction/context_tx.go:15.70,17.2 1 1
go-ddd-scaffold/internal/infrastructure/transaction/context_tx.go:20.53,21.47 1 0
go-ddd-scaffold/internal/infrastructure/transaction/context_tx.go:21.47,23.3 1 0
go-ddd-scaffold/internal/infrastructure/transaction/context_tx.go:24.2,24.12 1 0
go-ddd-scaffold/internal/infrastructure/transaction/context_tx.go:28.53,30.2 1 0
go-ddd-scaffold/internal/infrastructure/transaction/transaction.go:35.46,37.2 1 1
go-ddd-scaffold/internal/infrastructure/transaction/transaction.go:40.42,42.2 1 1
go-ddd-scaffold/internal/infrastructure/transaction/transaction.go:45.44,47.2 1 1
go-ddd-scaffold/internal/infrastructure/transaction/transaction.go:50.44,52.2 1 1
go-ddd-scaffold/internal/infrastructure/transaction/unit_of_work.go:17.48,19.2 1 1
go-ddd-scaffold/internal/infrastructure/transaction/unit_of_work.go:22.76,24.21 2 1
go-ddd-scaffold/internal/infrastructure/transaction/unit_of_work.go:24.21,26.3 1 0
go-ddd-scaffold/internal/infrastructure/transaction/unit_of_work.go:28.2,28.32 1 1
go-ddd-scaffold/internal/infrastructure/transaction/unit_of_work.go:32.107,34.16 2 1
go-ddd-scaffold/internal/infrastructure/transaction/unit_of_work.go:34.16,36.3 1 0
go-ddd-scaffold/internal/infrastructure/transaction/unit_of_work.go:38.2,38.15 1 1
go-ddd-scaffold/internal/infrastructure/transaction/unit_of_work.go:38.15,39.31 1 1
go-ddd-scaffold/internal/infrastructure/transaction/unit_of_work.go:39.31,42.12 2 1
go-ddd-scaffold/internal/infrastructure/transaction/unit_of_work.go:47.2,51.16 3 1
go-ddd-scaffold/internal/infrastructure/transaction/unit_of_work.go:51.16,53.43 1 1
go-ddd-scaffold/internal/infrastructure/transaction/unit_of_work.go:53.43,55.4 1 0
go-ddd-scaffold/internal/infrastructure/transaction/unit_of_work.go:56.3,56.13 1 1
go-ddd-scaffold/internal/infrastructure/transaction/unit_of_work.go:60.2,60.40 1 1
go-ddd-scaffold/internal/infrastructure/transaction/unit_of_work.go:60.40,62.3 1 0
go-ddd-scaffold/internal/infrastructure/transaction/unit_of_work.go:64.2,64.12 1 1
go-ddd-scaffold/internal/infrastructure/persistence/gorm/repo/tenant_member_repository.go:25.82,30.2 1 0
go-ddd-scaffold/internal/infrastructure/persistence/gorm/repo/tenant_member_repository.go:33.100,38.29 5 0
go-ddd-scaffold/internal/infrastructure/persistence/gorm/repo/tenant_member_repository.go:38.29,41.3 2 0
go-ddd-scaffold/internal/infrastructure/persistence/gorm/repo/tenant_member_repository.go:43.2,52.68 2 0
go-ddd-scaffold/internal/infrastructure/persistence/gorm/repo/tenant_member_repository.go:56.110,58.16 2 0
go-ddd-scaffold/internal/infrastructure/persistence/gorm/repo/tenant_member_repository.go:58.16,59.36 1 0
go-ddd-scaffold/internal/infrastructure/persistence/gorm/repo/tenant_member_repository.go:59.36,61.4 1 0
go-ddd-scaffold/internal/infrastructure/persistence/gorm/repo/tenant_member_repository.go:62.3,62.71 1 0
go-ddd-scaffold/internal/infrastructure/persistence/gorm/repo/tenant_member_repository.go:65.2,65.37 1 0
go-ddd-scaffold/internal/infrastructure/persistence/gorm/repo/tenant_member_repository.go:69.135,74.16 2 0
go-ddd-scaffold/internal/infrastructure/persistence/gorm/repo/tenant_member_repository.go:74.16,75.36 1 0
go-ddd-scaffold/internal/infrastructure/persistence/gorm/repo/tenant_member_repository.go:75.36,77.4 1 0
go-ddd-scaffold/internal/infrastructure/persistence/gorm/repo/tenant_member_repository.go:78.3,78.84 1 0
go-ddd-scaffold/internal/infrastructure/persistence/gorm/repo/tenant_member_repository.go:81.2,81.37 1 0
go-ddd-scaffold/internal/infrastructure/persistence/gorm/repo/tenant_member_repository.go:85.100,90.29 5 0
go-ddd-scaffold/internal/infrastructure/persistence/gorm/repo/tenant_member_repository.go:90.29,93.3 2 0
go-ddd-scaffold/internal/infrastructure/persistence/gorm/repo/tenant_member_repository.go:95.2,105.12 3 0
go-ddd-scaffold/internal/infrastructure/persistence/gorm/repo/tenant_member_repository.go:109.85,112.2 2 0
go-ddd-scaffold/internal/infrastructure/persistence/gorm/repo/tenant_member_repository.go:115.123,120.16 2 0
go-ddd-scaffold/internal/infrastructure/persistence/gorm/repo/tenant_member_repository.go:120.16,122.3 1 0
go-ddd-scaffold/internal/infrastructure/persistence/gorm/repo/tenant_member_repository.go:124.2,125.31 2 0
go-ddd-scaffold/internal/infrastructure/persistence/gorm/repo/tenant_member_repository.go:125.31,127.3 1 0
go-ddd-scaffold/internal/infrastructure/persistence/gorm/repo/tenant_member_repository.go:129.2,129.21 1 0
go-ddd-scaffold/internal/infrastructure/persistence/gorm/repo/tenant_member_repository.go:133.119,138.16 2 0
go-ddd-scaffold/internal/infrastructure/persistence/gorm/repo/tenant_member_repository.go:138.16,140.3 1 0
go-ddd-scaffold/internal/infrastructure/persistence/gorm/repo/tenant_member_repository.go:142.2,143.31 2 0
go-ddd-scaffold/internal/infrastructure/persistence/gorm/repo/tenant_member_repository.go:143.31,145.3 1 0
go-ddd-scaffold/internal/infrastructure/persistence/gorm/repo/tenant_member_repository.go:147.2,147.21 1 0
go-ddd-scaffold/internal/infrastructure/persistence/gorm/repo/tenant_member_repository.go:151.114,157.2 2 0
go-ddd-scaffold/internal/infrastructure/persistence/gorm/repo/tenant_member_repository.go:160.94,173.28 5 0
go-ddd-scaffold/internal/infrastructure/persistence/gorm/repo/tenant_member_repository.go:173.28,176.3 2 0
go-ddd-scaffold/internal/infrastructure/persistence/gorm/repo/tenant_member_repository.go:178.2,178.15 1 0
go-ddd-scaffold/internal/infrastructure/persistence/gorm/repo/tenant_member_repository.go:182.91,187.2 1 0
go-ddd-scaffold/internal/infrastructure/persistence/gorm/repo/tenant_repository.go:25.70,30.2 1 0
go-ddd-scaffold/internal/infrastructure/persistence/gorm/repo/tenant_repository.go:33.83,46.2 4 0
go-ddd-scaffold/internal/infrastructure/persistence/gorm/repo/tenant_repository.go:49.98,51.16 2 0
go-ddd-scaffold/internal/infrastructure/persistence/gorm/repo/tenant_repository.go:51.16,52.36 1 0
go-ddd-scaffold/internal/infrastructure/persistence/gorm/repo/tenant_repository.go:52.36,54.4 1 0
go-ddd-scaffold/internal/infrastructure/persistence/gorm/repo/tenant_repository.go:55.3,55.64 1 0
go-ddd-scaffold/internal/infrastructure/persistence/gorm/repo/tenant_repository.go:58.2,58.37 1 0
go-ddd-scaffold/internal/infrastructure/persistence/gorm/repo/tenant_repository.go:62.83,76.2 5 0
go-ddd-scaffold/internal/infrastructure/persistence/gorm/repo/tenant_repository.go:79.79,82.2 2 0
go-ddd-scaffold/internal/infrastructure/persistence/gorm/repo/tenant_repository.go:85.86,87.16 2 0
go-ddd-scaffold/internal/infrastructure/persistence/gorm/repo/tenant_repository.go:87.16,89.3 1 0
go-ddd-scaffold/internal/infrastructure/persistence/gorm/repo/tenant_repository.go:91.2,92.27 2 0
go-ddd-scaffold/internal/infrastructure/persistence/gorm/repo/tenant_repository.go:92.27,94.3 1 0
go-ddd-scaffold/internal/infrastructure/persistence/gorm/repo/tenant_repository.go:96.2,96.21 1 0
go-ddd-scaffold/internal/infrastructure/persistence/gorm/repo/tenant_repository.go:100.82,112.36 3 0
go-ddd-scaffold/internal/infrastructure/persistence/gorm/repo/tenant_repository.go:112.36,114.3 1 0
go-ddd-scaffold/internal/infrastructure/persistence/gorm/repo/tenant_repository.go:116.2,116.35 1 0
go-ddd-scaffold/internal/infrastructure/persistence/gorm/repo/tenant_repository.go:116.35,118.3 1 0
go-ddd-scaffold/internal/infrastructure/persistence/gorm/repo/tenant_repository.go:120.2,120.15 1 0
go-ddd-scaffold/internal/infrastructure/persistence/gorm/repo/tenant_repository.go:124.79,129.2 1 0
go-ddd-scaffold/internal/infrastructure/persistence/gorm/repo/user_repository.go:26.66,31.2 1 1
go-ddd-scaffold/internal/infrastructure/persistence/gorm/repo/user_repository.go:34.79,47.2 3 1
go-ddd-scaffold/internal/infrastructure/persistence/gorm/repo/user_repository.go:50.94,52.16 2 1
go-ddd-scaffold/internal/infrastructure/persistence/gorm/repo/user_repository.go:52.16,53.36 1 1
go-ddd-scaffold/internal/infrastructure/persistence/gorm/repo/user_repository.go:53.36,55.4 1 1
go-ddd-scaffold/internal/infrastructure/persistence/gorm/repo/user_repository.go:56.3,56.62 1 0
go-ddd-scaffold/internal/infrastructure/persistence/gorm/repo/user_repository.go:59.2,59.35 1 1
go-ddd-scaffold/internal/infrastructure/persistence/gorm/repo/user_repository.go:63.97,65.16 2 1
go-ddd-scaffold/internal/infrastructure/persistence/gorm/repo/user_repository.go:65.16,66.36 1 1
go-ddd-scaffold/internal/infrastructure/persistence/gorm/repo/user_repository.go:66.36,68.4 1 1
go-ddd-scaffold/internal/infrastructure/persistence/gorm/repo/user_repository.go:69.3,69.65 1 0
go-ddd-scaffold/internal/infrastructure/persistence/gorm/repo/user_repository.go:72.2,72.35 1 1
go-ddd-scaffold/internal/infrastructure/persistence/gorm/repo/user_repository.go:76.79,90.2 4 1
go-ddd-scaffold/internal/infrastructure/persistence/gorm/repo/user_repository.go:93.77,96.2 2 1
go-ddd-scaffold/internal/infrastructure/persistence/gorm/repo/user_repository.go:99.107,105.16 2 0
go-ddd-scaffold/internal/infrastructure/persistence/gorm/repo/user_repository.go:105.16,107.3 1 0
go-ddd-scaffold/internal/infrastructure/persistence/gorm/repo/user_repository.go:109.2,110.43 2 0
go-ddd-scaffold/internal/infrastructure/persistence/gorm/repo/user_repository.go:110.43,114.17 2 0
go-ddd-scaffold/internal/infrastructure/persistence/gorm/repo/user_repository.go:114.17,116.4 1 0
go-ddd-scaffold/internal/infrastructure/persistence/gorm/repo/user_repository.go:117.3,117.62 1 0
go-ddd-scaffold/internal/infrastructure/persistence/gorm/repo/user_repository.go:120.2,120.19 1 0
go-ddd-scaffold/internal/infrastructure/persistence/gorm/repo/user_repository.go:124.99,129.16 2 0
go-ddd-scaffold/internal/infrastructure/persistence/gorm/repo/user_repository.go:129.16,131.3 1 0
go-ddd-scaffold/internal/infrastructure/persistence/gorm/repo/user_repository.go:132.2,132.19 1 0
go-ddd-scaffold/internal/infrastructure/persistence/gorm/repo/user_repository.go:136.74,140.29 3 1
go-ddd-scaffold/internal/infrastructure/persistence/gorm/repo/user_repository.go:140.29,142.3 1 1
go-ddd-scaffold/internal/infrastructure/persistence/gorm/repo/user_repository.go:145.2,162.13 5 1
go-ddd-scaffold/internal/infrastructure/persistence/gorm/repo/user_repository.go:166.121,170.29 3 0
go-ddd-scaffold/internal/infrastructure/persistence/gorm/repo/user_repository.go:170.29,172.3 1 0
go-ddd-scaffold/internal/infrastructure/persistence/gorm/repo/user_repository.go:174.2,191.13 5 0
go-ddd-scaffold/internal/infrastructure/persistence/gorm/repo/user_repository.go:195.75,200.2 1 0
