mode: set
go-ddd-scaffold/internal/application/user/assembler/user_assembler.go:39.39,41.2 1 0
go-ddd-scaffold/internal/application/user/assembler/user_assembler.go:44.64,45.17 1 0
go-ddd-scaffold/internal/application/user/assembler/user_assembler.go:45.17,47.3 1 0
go-ddd-scaffold/internal/application/user/assembler/user_assembler.go:49.2,59.3 1 0
go-ddd-scaffold/internal/application/user/assembler/user_assembler.go:63.106,64.17 1 0
go-ddd-scaffold/internal/application/user/assembler/user_assembler.go:64.17,66.3 1 0
go-ddd-scaffold/internal/application/user/assembler/user_assembler.go:68.2,71.3 1 0
go-ddd-scaffold/internal/application/user/assembler/user_assembler.go:75.135,76.16 1 0
go-ddd-scaffold/internal/application/user/assembler/user_assembler.go:76.16,78.3 1 0
go-ddd-scaffold/internal/application/user/assembler/user_assembler.go:80.2,81.16 2 0
go-ddd-scaffold/internal/application/user/assembler/user_assembler.go:81.16,83.3 1 0
go-ddd-scaffold/internal/application/user/assembler/user_assembler.go:85.2,86.16 2 0
go-ddd-scaffold/internal/application/user/assembler/user_assembler.go:86.16,88.3 1 0
go-ddd-scaffold/internal/application/user/assembler/user_assembler.go:90.2,98.18 2 0
go-ddd-scaffold/internal/application/user/assembler/user_assembler.go:102.110,103.31 1 0
go-ddd-scaffold/internal/application/user/assembler/user_assembler.go:103.31,105.3 1 0
go-ddd-scaffold/internal/application/user/assembler/user_assembler.go:107.2,107.25 1 0
go-ddd-scaffold/internal/application/user/assembler/user_assembler.go:107.25,109.17 2 0
go-ddd-scaffold/internal/application/user/assembler/user_assembler.go:109.17,111.4 1 0
go-ddd-scaffold/internal/application/user/assembler/user_assembler.go:112.3,112.27 1 0
go-ddd-scaffold/internal/application/user/assembler/user_assembler.go:115.2,115.22 1 0
go-ddd-scaffold/internal/application/user/assembler/user_assembler.go:115.22,117.3 1 0
go-ddd-scaffold/internal/application/user/assembler/user_assembler.go:119.2,119.20 1 0
go-ddd-scaffold/internal/application/user/assembler/user_assembler.go:119.20,121.3 1 0
go-ddd-scaffold/internal/application/user/assembler/user_assembler.go:123.2,123.12 1 0
go-ddd-scaffold/internal/application/user/assembler/user_assembler.go:127.69,129.16 2 0
go-ddd-scaffold/internal/application/user/assembler/user_assembler.go:129.16,131.3 1 0
go-ddd-scaffold/internal/application/user/assembler/user_assembler.go:132.2,132.17 1 0
go-ddd-scaffold/internal/application/user/assembler/user_assembler.go:136.63,139.2 2 0
go-ddd-scaffold/internal/application/tenant/service/tenant_service.go:45.17,52.2 1 0
go-ddd-scaffold/internal/application/tenant/service/tenant_service.go:55.106,58.16 2 0
go-ddd-scaffold/internal/application/tenant/service/tenant_service.go:58.16,60.3 1 0
go-ddd-scaffold/internal/application/tenant/service/tenant_service.go:63.2,64.41 2 0
go-ddd-scaffold/internal/application/tenant/service/tenant_service.go:64.41,66.17 2 0
go-ddd-scaffold/internal/application/tenant/service/tenant_service.go:66.17,67.12 1 0
go-ddd-scaffold/internal/application/tenant/service/tenant_service.go:70.3,76.5 1 0
go-ddd-scaffold/internal/application/tenant/service/tenant_service.go:79.2,79.20 1 0
go-ddd-scaffold/internal/application/tenant/service/tenant_service.go:83.133,87.68 2 0
go-ddd-scaffold/internal/application/tenant/service/tenant_service.go:87.68,106.56 5 0
go-ddd-scaffold/internal/application/tenant/service/tenant_service.go:106.56,108.4 1 0
go-ddd-scaffold/internal/application/tenant/service/tenant_service.go:111.3,120.56 2 0
go-ddd-scaffold/internal/application/tenant/service/tenant_service.go:120.56,122.4 1 0
go-ddd-scaffold/internal/application/tenant/service/tenant_service.go:127.3,127.107 1 0
go-ddd-scaffold/internal/application/tenant/service/tenant_service.go:127.107,131.4 1 0
go-ddd-scaffold/internal/application/tenant/service/tenant_service.go:133.3,134.13 2 0
go-ddd-scaffold/internal/application/tenant/service/tenant_service.go:137.2,137.16 1 0
go-ddd-scaffold/internal/application/tenant/service/tenant_service.go:137.16,139.3 1 0
go-ddd-scaffold/internal/application/tenant/service/tenant_service.go:141.2,141.27 1 0
go-ddd-scaffold/internal/application/user/dto/dto.go:81.43,82.19 1 0
go-ddd-scaffold/internal/application/user/dto/dto.go:82.19,84.3 1 0
go-ddd-scaffold/internal/application/user/dto/dto.go:90.2,100.3 1 0
go-ddd-scaffold/internal/application/user/dto/dto.go:104.66,105.19 1 0
go-ddd-scaffold/internal/application/user/dto/dto.go:105.19,107.3 1 0
go-ddd-scaffold/internal/application/user/dto/dto.go:109.2,117.3 1 0
go-ddd-scaffold/internal/application/user/dto/dto.go:121.42,122.16 1 0
go-ddd-scaffold/internal/application/user/dto/dto.go:122.16,124.3 1 0
go-ddd-scaffold/internal/application/user/dto/dto.go:126.2,143.13 5 0
go-ddd-scaffold/internal/application/user/service/authentication_service.go:31.64,33.2 1 0
go-ddd-scaffold/internal/application/user/service/authentication_service.go:36.55,38.2 1 0
go-ddd-scaffold/internal/application/user/service/authentication_service.go:67.25,80.2 3 0
go-ddd-scaffold/internal/application/user/service/authentication_service.go:83.108,85.73 1 0
go-ddd-scaffold/internal/application/user/service/authentication_service.go:85.73,87.3 1 0
go-ddd-scaffold/internal/application/user/service/authentication_service.go:90.2,91.25 2 0
go-ddd-scaffold/internal/application/user/service/authentication_service.go:91.25,93.3 1 0
go-ddd-scaffold/internal/application/user/service/authentication_service.go:96.2,97.25 2 0
go-ddd-scaffold/internal/application/user/service/authentication_service.go:97.25,100.17 3 0
go-ddd-scaffold/internal/application/user/service/authentication_service.go:100.17,102.4 1 0
go-ddd-scaffold/internal/application/user/service/authentication_service.go:106.2,106.46 1 0
go-ddd-scaffold/internal/application/user/service/authentication_service.go:106.46,107.22 1 0
go-ddd-scaffold/internal/application/user/service/authentication_service.go:107.22,109.4 1 0
go-ddd-scaffold/internal/application/user/service/authentication_service.go:112.3,113.17 2 0
go-ddd-scaffold/internal/application/user/service/authentication_service.go:113.17,115.4 1 0
go-ddd-scaffold/internal/application/user/service/authentication_service.go:117.3,118.17 2 0
go-ddd-scaffold/internal/application/user/service/authentication_service.go:118.17,120.4 1 0
go-ddd-scaffold/internal/application/user/service/authentication_service.go:123.3,123.38 1 0
go-ddd-scaffold/internal/application/user/service/authentication_service.go:123.38,125.4 1 0
go-ddd-scaffold/internal/application/user/service/authentication_service.go:129.2,130.16 2 0
go-ddd-scaffold/internal/application/user/service/authentication_service.go:130.16,132.3 1 0
go-ddd-scaffold/internal/application/user/service/authentication_service.go:135.2,136.16 2 0
go-ddd-scaffold/internal/application/user/service/authentication_service.go:136.16,138.3 1 0
go-ddd-scaffold/internal/application/user/service/authentication_service.go:140.2,144.16 3 0
go-ddd-scaffold/internal/application/user/service/authentication_service.go:144.16,146.3 1 0
go-ddd-scaffold/internal/application/user/service/authentication_service.go:149.2,149.56 1 0
go-ddd-scaffold/internal/application/user/service/authentication_service.go:149.56,151.3 1 0
go-ddd-scaffold/internal/application/user/service/authentication_service.go:154.2,154.21 1 0
go-ddd-scaffold/internal/application/user/service/authentication_service.go:154.21,164.70 2 0
go-ddd-scaffold/internal/application/user/service/authentication_service.go:164.70,166.4 1 0
go-ddd-scaffold/internal/application/user/service/authentication_service.go:170.2,178.21 4 0
go-ddd-scaffold/internal/application/user/service/authentication_service.go:178.21,180.17 2 0
go-ddd-scaffold/internal/application/user/service/authentication_service.go:180.17,183.4 2 0
go-ddd-scaffold/internal/application/user/service/authentication_service.go:185.2,185.21 1 0
go-ddd-scaffold/internal/application/user/service/authentication_service.go:189.111,192.16 2 0
go-ddd-scaffold/internal/application/user/service/authentication_service.go:192.16,194.3 1 0
go-ddd-scaffold/internal/application/user/service/authentication_service.go:198.2,198.73 1 0
go-ddd-scaffold/internal/application/user/service/authentication_service.go:198.73,200.3 1 0
go-ddd-scaffold/internal/application/user/service/authentication_service.go:203.2,203.46 1 0
go-ddd-scaffold/internal/application/user/service/authentication_service.go:203.46,205.3 1 0
go-ddd-scaffold/internal/application/user/service/authentication_service.go:208.2,209.16 2 0
go-ddd-scaffold/internal/application/user/service/authentication_service.go:209.16,211.3 1 0
go-ddd-scaffold/internal/application/user/service/authentication_service.go:214.2,227.22 4 0
go-ddd-scaffold/internal/application/user/service/authentication_service.go:231.99,233.44 1 0
go-ddd-scaffold/internal/application/user/service/authentication_service.go:233.44,236.17 2 0
go-ddd-scaffold/internal/application/user/service/authentication_service.go:236.17,243.18 3 0
go-ddd-scaffold/internal/application/user/service/authentication_service.go:243.19,246.5 0 0
go-ddd-scaffold/internal/application/user/service/authentication_service.go:250.2,250.12 1 0
go-ddd-scaffold/internal/application/user/service/tenant_service.go:25.17,30.2 1 0
go-ddd-scaffold/internal/application/user/service/tenant_service.go:33.129,42.28 2 0
go-ddd-scaffold/internal/application/user/service/tenant_service.go:42.28,44.3 1 0
go-ddd-scaffold/internal/application/user/service/tenant_service.go:46.2,47.16 2 0
go-ddd-scaffold/internal/application/user/service/tenant_service.go:47.16,49.3 1 0
go-ddd-scaffold/internal/application/user/service/tenant_service.go:52.2,61.63 2 0
go-ddd-scaffold/internal/application/user/service/tenant_service.go:61.63,63.3 1 0
go-ddd-scaffold/internal/application/user/service/tenant_service.go:65.2,65.40 1 0
go-ddd-scaffold/internal/application/user/service/tenant_service.go:69.97,71.16 2 0
go-ddd-scaffold/internal/application/user/service/tenant_service.go:71.16,73.3 1 0
go-ddd-scaffold/internal/application/user/service/tenant_service.go:75.2,76.16 2 0
go-ddd-scaffold/internal/application/user/service/tenant_service.go:76.16,78.3 1 0
go-ddd-scaffold/internal/application/user/service/tenant_service.go:80.2,81.33 2 0
go-ddd-scaffold/internal/application/user/service/tenant_service.go:81.33,82.54 1 0
go-ddd-scaffold/internal/application/user/service/tenant_service.go:82.54,84.4 1 0
go-ddd-scaffold/internal/application/user/service/tenant_service.go:87.2,87.50 1 0
go-ddd-scaffold/internal/application/user/service/transactional_auth_service_example.go:54.39,68.2 3 0
go-ddd-scaffold/internal/application/user/service/transactional_auth_service_example.go:71.121,74.16 2 0
go-ddd-scaffold/internal/application/user/service/transactional_auth_service_example.go:74.16,76.3 1 0
go-ddd-scaffold/internal/application/user/service/transactional_auth_service_example.go:77.2,77.15 1 0
go-ddd-scaffold/internal/application/user/service/transactional_auth_service_example.go:77.15,78.31 1 0
go-ddd-scaffold/internal/application/user/service/transactional_auth_service_example.go:78.31,80.12 2 0
go-ddd-scaffold/internal/application/user/service/transactional_auth_service_example.go:84.2,87.73 2 0
go-ddd-scaffold/internal/application/user/service/transactional_auth_service_example.go:87.73,89.3 1 0
go-ddd-scaffold/internal/application/user/service/transactional_auth_service_example.go:94.2,96.25 3 0
go-ddd-scaffold/internal/application/user/service/transactional_auth_service_example.go:96.25,98.3 1 0
go-ddd-scaffold/internal/application/user/service/transactional_auth_service_example.go:101.2,102.25 2 0
go-ddd-scaffold/internal/application/user/service/transactional_auth_service_example.go:102.25,105.17 3 0
go-ddd-scaffold/internal/application/user/service/transactional_auth_service_example.go:105.17,107.4 1 0
go-ddd-scaffold/internal/application/user/service/transactional_auth_service_example.go:111.2,111.46 1 0
go-ddd-scaffold/internal/application/user/service/transactional_auth_service_example.go:111.46,112.22 1 0
go-ddd-scaffold/internal/application/user/service/transactional_auth_service_example.go:112.22,114.4 1 0
go-ddd-scaffold/internal/application/user/service/transactional_auth_service_example.go:118.3,119.17 2 0
go-ddd-scaffold/internal/application/user/service/transactional_auth_service_example.go:119.17,121.4 1 0
go-ddd-scaffold/internal/application/user/service/transactional_auth_service_example.go:123.3,124.17 2 0
go-ddd-scaffold/internal/application/user/service/transactional_auth_service_example.go:124.17,126.4 1 0
go-ddd-scaffold/internal/application/user/service/transactional_auth_service_example.go:129.3,129.38 1 0
go-ddd-scaffold/internal/application/user/service/transactional_auth_service_example.go:129.38,131.4 1 0
go-ddd-scaffold/internal/application/user/service/transactional_auth_service_example.go:135.2,136.16 2 0
go-ddd-scaffold/internal/application/user/service/transactional_auth_service_example.go:136.16,138.3 1 0
go-ddd-scaffold/internal/application/user/service/transactional_auth_service_example.go:141.2,142.16 2 0
go-ddd-scaffold/internal/application/user/service/transactional_auth_service_example.go:142.16,144.3 1 0
go-ddd-scaffold/internal/application/user/service/transactional_auth_service_example.go:146.2,150.16 3 0
go-ddd-scaffold/internal/application/user/service/transactional_auth_service_example.go:150.16,152.3 1 0
go-ddd-scaffold/internal/application/user/service/transactional_auth_service_example.go:157.2,157.56 1 0
go-ddd-scaffold/internal/application/user/service/transactional_auth_service_example.go:157.56,159.3 1 0
go-ddd-scaffold/internal/application/user/service/transactional_auth_service_example.go:162.2,162.21 1 0
go-ddd-scaffold/internal/application/user/service/transactional_auth_service_example.go:162.21,174.70 2 0
go-ddd-scaffold/internal/application/user/service/transactional_auth_service_example.go:174.70,176.4 1 0
go-ddd-scaffold/internal/application/user/service/transactional_auth_service_example.go:181.2,186.92 2 0
go-ddd-scaffold/internal/application/user/service/transactional_auth_service_example.go:186.92,188.3 1 0
go-ddd-scaffold/internal/application/user/service/transactional_auth_service_example.go:193.2,193.36 1 0
go-ddd-scaffold/internal/application/user/service/transactional_auth_service_example.go:193.36,195.3 1 0
go-ddd-scaffold/internal/application/user/service/transactional_auth_service_example.go:198.2,199.21 2 0
go-ddd-scaffold/internal/application/user/service/transactional_auth_service_example.go:199.21,201.17 2 0
go-ddd-scaffold/internal/application/user/service/transactional_auth_service_example.go:201.17,204.4 2 0
go-ddd-scaffold/internal/application/user/service/transactional_auth_service_example.go:206.2,206.21 1 0
go-ddd-scaffold/internal/application/user/service/transactional_auth_service_example.go:210.124,215.16 2 0
go-ddd-scaffold/internal/application/user/service/transactional_auth_service_example.go:215.16,217.3 1 0
go-ddd-scaffold/internal/application/user/service/transactional_auth_service_example.go:221.2,221.49 1 0
go-ddd-scaffold/internal/application/user/service/transactional_auth_service_example.go:221.49,223.3 1 0
go-ddd-scaffold/internal/application/user/service/transactional_auth_service_example.go:226.2,226.46 1 0
go-ddd-scaffold/internal/application/user/service/transactional_auth_service_example.go:226.46,228.3 1 0
go-ddd-scaffold/internal/application/user/service/transactional_auth_service_example.go:231.2,232.16 2 0
go-ddd-scaffold/internal/application/user/service/transactional_auth_service_example.go:232.16,234.3 1 0
go-ddd-scaffold/internal/application/user/service/transactional_auth_service_example.go:237.2,251.67 2 0
go-ddd-scaffold/internal/application/user/service/transactional_auth_service_example.go:255.112,257.44 1 0
go-ddd-scaffold/internal/application/user/service/transactional_auth_service_example.go:257.44,259.17 2 0
go-ddd-scaffold/internal/application/user/service/transactional_auth_service_example.go:259.17,262.18 3 0
go-ddd-scaffold/internal/application/user/service/transactional_auth_service_example.go:262.19,264.5 0 0
go-ddd-scaffold/internal/application/user/service/transactional_auth_service_example.go:268.2,268.12 1 0
go-ddd-scaffold/internal/application/user/service/user_command_service.go:32.22,39.2 1 0
go-ddd-scaffold/internal/application/user/service/user_command_service.go:42.114,44.16 2 0
go-ddd-scaffold/internal/application/user/service/user_command_service.go:44.16,46.3 1 0
go-ddd-scaffold/internal/application/user/service/user_command_service.go:48.2,48.22 1 0
go-ddd-scaffold/internal/application/user/service/user_command_service.go:48.22,50.17 2 0
go-ddd-scaffold/internal/application/user/service/user_command_service.go:50.17,52.4 1 0
go-ddd-scaffold/internal/application/user/service/user_command_service.go:53.3,53.27 1 0
go-ddd-scaffold/internal/application/user/service/user_command_service.go:55.2,55.25 1 0
go-ddd-scaffold/internal/application/user/service/user_command_service.go:55.25,57.17 2 0
go-ddd-scaffold/internal/application/user/service/user_command_service.go:57.17,59.4 1 0
go-ddd-scaffold/internal/application/user/service/user_command_service.go:61.3,62.17 2 0
go-ddd-scaffold/internal/application/user/service/user_command_service.go:62.17,64.4 1 0
go-ddd-scaffold/internal/application/user/service/user_command_service.go:65.3,65.65 1 0
go-ddd-scaffold/internal/application/user/service/user_command_service.go:67.2,67.23 1 0
go-ddd-scaffold/internal/application/user/service/user_command_service.go:67.23,69.3 1 0
go-ddd-scaffold/internal/application/user/service/user_command_service.go:71.2,71.43 1 0
go-ddd-scaffold/internal/application/user/service/user_command_service.go:75.120,77.16 2 0
go-ddd-scaffold/internal/application/user/service/user_command_service.go:77.16,79.3 1 0
go-ddd-scaffold/internal/application/user/service/user_command_service.go:82.2,82.25 1 0
go-ddd-scaffold/internal/application/user/service/user_command_service.go:82.25,84.17 2 0
go-ddd-scaffold/internal/application/user/service/user_command_service.go:84.17,86.4 1 0
go-ddd-scaffold/internal/application/user/service/user_command_service.go:87.3,87.33 1 0
go-ddd-scaffold/internal/application/user/service/user_command_service.go:91.2,91.22 1 0
go-ddd-scaffold/internal/application/user/service/user_command_service.go:91.22,93.3 1 0
go-ddd-scaffold/internal/application/user/service/user_command_service.go:96.2,96.20 1 0
go-ddd-scaffold/internal/application/user/service/user_command_service.go:96.20,98.3 1 0
go-ddd-scaffold/internal/application/user/service/user_command_service.go:100.2,100.43 1 0
go-ddd-scaffold/internal/application/user/service/user_command_service.go:104.86,106.2 1 0
go-ddd-scaffold/internal/application/user/service/user_query_service.go:27.20,33.2 1 0
go-ddd-scaffold/internal/application/user/service/user_query_service.go:36.94,38.16 2 0
go-ddd-scaffold/internal/application/user/service/user_query_service.go:38.16,40.3 1 0
go-ddd-scaffold/internal/application/user/service/user_query_service.go:42.2,46.36 3 0
go-ddd-scaffold/internal/application/user/service/user_query_service.go:46.36,50.3 3 0
go-ddd-scaffold/internal/application/user/service/user_query_service.go:52.2,52.21 1 0
go-ddd-scaffold/internal/application/user/service/user_query_service.go:56.98,58.16 2 0
go-ddd-scaffold/internal/application/user/service/user_query_service.go:58.16,60.3 1 0
go-ddd-scaffold/internal/application/user/service/user_query_service.go:62.2,62.39 1 0
go-ddd-scaffold/internal/application/user/service/user_query_service.go:66.108,68.16 2 0
go-ddd-scaffold/internal/application/user/service/user_query_service.go:68.16,70.3 1 0
go-ddd-scaffold/internal/application/user/service/user_query_service.go:72.2,73.33 2 0
go-ddd-scaffold/internal/application/user/service/user_query_service.go:73.33,75.17 2 0
go-ddd-scaffold/internal/application/user/service/user_query_service.go:75.17,76.12 1 0
go-ddd-scaffold/internal/application/user/service/user_query_service.go:79.3,83.31 4 0
go-ddd-scaffold/internal/application/user/service/user_query_service.go:85.2,85.18 1 0
go-ddd-scaffold/internal/application/user/service/user_query_service.go:89.110,91.16 2 0
go-ddd-scaffold/internal/application/user/service/user_query_service.go:91.16,93.3 1 0
go-ddd-scaffold/internal/application/user/service/user_query_service.go:95.2,96.33 2 0
go-ddd-scaffold/internal/application/user/service/user_query_service.go:96.33,97.54 1 0
go-ddd-scaffold/internal/application/user/service/user_query_service.go:97.54,98.12 1 0
go-ddd-scaffold/internal/application/user/service/user_query_service.go:101.3,102.17 2 0
go-ddd-scaffold/internal/application/user/service/user_query_service.go:102.17,103.12 1 0
go-ddd-scaffold/internal/application/user/service/user_query_service.go:106.3,109.33 4 0
go-ddd-scaffold/internal/application/user/service/user_query_service.go:112.2,112.19 1 0
