mode: set
go-ddd-scaffold/internal/application/tenant/service/tenant_service.go:45.17,52.2 1 0
go-ddd-scaffold/internal/application/tenant/service/tenant_service.go:55.106,58.16 2 0
go-ddd-scaffold/internal/application/tenant/service/tenant_service.go:58.16,60.3 1 0
go-ddd-scaffold/internal/application/tenant/service/tenant_service.go:63.2,64.41 2 0
go-ddd-scaffold/internal/application/tenant/service/tenant_service.go:64.41,66.17 2 0
go-ddd-scaffold/internal/application/tenant/service/tenant_service.go:66.17,67.12 1 0
go-ddd-scaffold/internal/application/tenant/service/tenant_service.go:70.3,76.5 1 0
go-ddd-scaffold/internal/application/tenant/service/tenant_service.go:79.2,79.20 1 0
go-ddd-scaffold/internal/application/tenant/service/tenant_service.go:83.133,87.68 2 0
go-ddd-scaffold/internal/application/tenant/service/tenant_service.go:87.68,106.56 5 0
go-ddd-scaffold/internal/application/tenant/service/tenant_service.go:106.56,108.4 1 0
go-ddd-scaffold/internal/application/tenant/service/tenant_service.go:111.3,120.56 2 0
go-ddd-scaffold/internal/application/tenant/service/tenant_service.go:120.56,122.4 1 0
go-ddd-scaffold/internal/application/tenant/service/tenant_service.go:127.3,127.107 1 0
go-ddd-scaffold/internal/application/tenant/service/tenant_service.go:127.107,131.4 1 0
go-ddd-scaffold/internal/application/tenant/service/tenant_service.go:133.3,134.13 2 0
go-ddd-scaffold/internal/application/tenant/service/tenant_service.go:137.2,137.16 1 0
go-ddd-scaffold/internal/application/tenant/service/tenant_service.go:137.16,139.3 1 0
go-ddd-scaffold/internal/application/tenant/service/tenant_service.go:141.2,141.27 1 0
go-ddd-scaffold/internal/infrastructure/transaction/context_tx.go:15.70,17.2 1 1
go-ddd-scaffold/internal/infrastructure/transaction/context_tx.go:20.53,21.47 1 0
go-ddd-scaffold/internal/infrastructure/transaction/context_tx.go:21.47,23.3 1 0
go-ddd-scaffold/internal/infrastructure/transaction/context_tx.go:24.2,24.12 1 0
go-ddd-scaffold/internal/infrastructure/transaction/context_tx.go:28.53,30.2 1 0
go-ddd-scaffold/internal/infrastructure/transaction/transaction.go:35.46,37.2 1 1
go-ddd-scaffold/internal/infrastructure/transaction/transaction.go:40.42,42.2 1 1
go-ddd-scaffold/internal/infrastructure/transaction/transaction.go:45.44,47.2 1 1
go-ddd-scaffold/internal/infrastructure/transaction/transaction.go:50.44,52.2 1 1
go-ddd-scaffold/internal/infrastructure/transaction/unit_of_work.go:17.48,19.2 1 1
go-ddd-scaffold/internal/infrastructure/transaction/unit_of_work.go:22.76,24.21 2 1
go-ddd-scaffold/internal/infrastructure/transaction/unit_of_work.go:24.21,26.3 1 0
go-ddd-scaffold/internal/infrastructure/transaction/unit_of_work.go:28.2,28.32 1 1
go-ddd-scaffold/internal/infrastructure/transaction/unit_of_work.go:32.107,34.16 2 1
go-ddd-scaffold/internal/infrastructure/transaction/unit_of_work.go:34.16,36.3 1 0
go-ddd-scaffold/internal/infrastructure/transaction/unit_of_work.go:38.2,38.15 1 1
go-ddd-scaffold/internal/infrastructure/transaction/unit_of_work.go:38.15,39.31 1 1
go-ddd-scaffold/internal/infrastructure/transaction/unit_of_work.go:39.31,42.12 2 1
go-ddd-scaffold/internal/infrastructure/transaction/unit_of_work.go:47.2,51.16 3 1
go-ddd-scaffold/internal/infrastructure/transaction/unit_of_work.go:51.16,53.43 1 1
go-ddd-scaffold/internal/infrastructure/transaction/unit_of_work.go:53.43,55.4 1 0
go-ddd-scaffold/internal/infrastructure/transaction/unit_of_work.go:56.3,56.13 1 1
go-ddd-scaffold/internal/infrastructure/transaction/unit_of_work.go:60.2,60.40 1 1
go-ddd-scaffold/internal/infrastructure/transaction/unit_of_work.go:60.40,62.3 1 0
go-ddd-scaffold/internal/infrastructure/transaction/unit_of_work.go:64.2,64.12 1 1
